#! /usr/local/Cellar/icarus-verilog/12.0/bin/vvp
:ivl_version "12.0 (stable)";
:ivl_delay_selection "TYPICAL";
:vpi_time_precision - 12;
:vpi_module "/usr/local/Cellar/icarus-verilog/12.0/lib/ivl/system.vpi";
:vpi_module "/usr/local/Cellar/icarus-verilog/12.0/lib/ivl/vhdl_sys.vpi";
:vpi_module "/usr/local/Cellar/icarus-verilog/12.0/lib/ivl/vhdl_textio.vpi";
:vpi_module "/usr/local/Cellar/icarus-verilog/12.0/lib/ivl/v2005_math.vpi";
:vpi_module "/usr/local/Cellar/icarus-verilog/12.0/lib/ivl/va_math.vpi";
:vpi_module "/usr/local/Cellar/icarus-verilog/12.0/lib/ivl/v2009.vpi";
S_0x7fed40502b20 .scope package, "$unit" "$unit" 2 1;
 .timescale 0 0;
S_0x7fed40502c90 .scope module, "image_sprite_tb" "image_sprite_tb" 3 4;
 .timescale -9 -12;
v0x7fed40517d70_0 .net "blue_out", 7 0, L_0x7fed4041b640;  1 drivers
v0x7fed40517e20_0 .net "green_out", 7 0, L_0x7fed4041b940;  1 drivers
v0x7fed40517eb0_0 .var "hcount_in", 10 0;
v0x7fed40517f60_0 .var "pixel_clk_in", 0 0;
v0x7fed40517ff0_0 .net "red_out", 7 0, L_0x7fed40411da0;  1 drivers
v0x7fed4041e530_0 .var "rst_in", 0 0;
S_0x7fed40502e00 .scope module, "uut" "image_sprite" 3 14, 4 10 0, S_0x7fed40502c90;
 .timescale -9 -12;
    .port_info 0 /INPUT 1 "pixel_clk_in";
    .port_info 1 /INPUT 1 "rst_in";
    .port_info 2 /INPUT 11 "x_in";
    .port_info 3 /INPUT 11 "hcount_in";
    .port_info 4 /INPUT 10 "y_in";
    .port_info 5 /INPUT 10 "vcount_in";
    .port_info 6 /OUTPUT 8 "red_out";
    .port_info 7 /OUTPUT 8 "green_out";
    .port_info 8 /OUTPUT 8 "blue_out";
P_0x7fed40502f70 .param/l "HEIGHT" 0 4 11, +C4<00000000000000000000000100000000>;
P_0x7fed40502fb0 .param/l "WIDTH" 0 4 11, +C4<00000000000000000000000100000000>;
L_0x7fed4041e430 .functor AND 1, L_0x7fed4041f330, L_0x7fed4041c350, C4<1>, C4<1>;
L_0x7fed4041e8a0 .functor AND 1, L_0x7fed4041c3f0, L_0x7fed4041c0c0, C4<1>, C4<1>;
L_0x7fed4041e910 .functor AND 1, L_0x7fed4041e430, L_0x7fed4041e8a0, C4<1>, C4<1>;
v0x7fed40515a20_0 .net *"_ivl_0", 31 0, L_0x7fed4041dcd0;  1 drivers
L_0x10faef488 .functor BUFT 1, C4<00000000000000000000000101111100>, C4<0>, C4<0>, C4<0>;
v0x7fed40515ae0_0 .net *"_ivl_10", 31 0, L_0x10faef488;  1 drivers
L_0x10faef4d0 .functor BUFT 1, C4<00000000000000000000000100000000>, C4<0>, C4<0>, C4<0>;
v0x7fed40515b80_0 .net *"_ivl_14", 31 0, L_0x10faef4d0;  1 drivers
v0x7fed40515c10_0 .net *"_ivl_18", 31 0, L_0x7fed4041e750;  1 drivers
L_0x10faef050 .functor BUFT 1, C4<00000000000000000000000100000000>, C4<0>, C4<0>, C4<0>;
v0x7fed40515cc0_0 .net/2u *"_ivl_20", 31 0, L_0x10faef050;  1 drivers
v0x7fed40515db0_0 .net *"_ivl_23", 31 0, L_0x7fed4041f530;  1 drivers
v0x7fed40515e60_0 .net *"_ivl_24", 31 0, L_0x7fed4041f5d0;  1 drivers
v0x7fed40515f10_0 .net *"_ivl_28", 0 0, L_0x7fed4041f330;  1 drivers
L_0x10faef008 .functor BUFT 1, C4<000000000000000000000>, C4<0>, C4<0>, C4<0>;
v0x7fed40515fb0_0 .net *"_ivl_3", 20 0, L_0x10faef008;  1 drivers
v0x7fed405160c0_0 .net *"_ivl_30", 31 0, L_0x7fed4041ef80;  1 drivers
L_0x10faef098 .functor BUFT 1, C4<000000000000000000000>, C4<0>, C4<0>, C4<0>;
v0x7fed40516170_0 .net *"_ivl_33", 20 0, L_0x10faef098;  1 drivers
L_0x10faef518 .functor BUFT 1, C4<00000000000000000000000100000000>, C4<0>, C4<0>, C4<0>;
v0x7fed40516220_0 .net *"_ivl_34", 31 0, L_0x10faef518;  1 drivers
L_0x10faef0e0 .functor BUFT 1, C4<00000000000000000000000100000000>, C4<0>, C4<0>, C4<0>;
v0x7fed405162d0_0 .net/2u *"_ivl_38", 31 0, L_0x10faef0e0;  1 drivers
L_0x10faef440 .functor BUFT 1, C4<00000000000000000000000100000000>, C4<0>, C4<0>, C4<0>;
v0x7fed40516380_0 .net *"_ivl_4", 31 0, L_0x10faef440;  1 drivers
v0x7fed40516430_0 .net *"_ivl_40", 31 0, L_0x7fed4041f020;  1 drivers
v0x7fed405164e0_0 .net *"_ivl_42", 0 0, L_0x7fed4041c350;  1 drivers
v0x7fed40516580_0 .net *"_ivl_45", 0 0, L_0x7fed4041e430;  1 drivers
v0x7fed40516710_0 .net *"_ivl_46", 0 0, L_0x7fed4041c3f0;  1 drivers
L_0x10faef560 .functor BUFT 1, C4<00000000000000000000000101111100>, C4<0>, C4<0>, C4<0>;
v0x7fed405167a0_0 .net *"_ivl_48", 31 0, L_0x10faef560;  1 drivers
L_0x10faef5a8 .functor BUFT 1, C4<00000000000000000000000100000000>, C4<0>, C4<0>, C4<0>;
v0x7fed40516830_0 .net *"_ivl_52", 31 0, L_0x10faef5a8;  1 drivers
L_0x10faef128 .functor BUFT 1, C4<00000000000000000000000100000000>, C4<0>, C4<0>, C4<0>;
v0x7fed405168e0_0 .net/2u *"_ivl_56", 31 0, L_0x10faef128;  1 drivers
v0x7fed40516990_0 .net *"_ivl_58", 31 0, L_0x7fed4041c020;  1 drivers
v0x7fed40516a40_0 .net *"_ivl_60", 0 0, L_0x7fed4041c0c0;  1 drivers
v0x7fed40516ae0_0 .net *"_ivl_63", 0 0, L_0x7fed4041e8a0;  1 drivers
v0x7fed40516b80_0 .net *"_ivl_67", 7 0, L_0x7fed40411d00;  1 drivers
L_0x10faef170 .functor BUFT 1, C4<00000000>, C4<0>, C4<0>, C4<0>;
v0x7fed40516c30_0 .net/2u *"_ivl_68", 7 0, L_0x10faef170;  1 drivers
v0x7fed40516ce0_0 .net *"_ivl_73", 7 0, L_0x7fed4041bd10;  1 drivers
L_0x10faef1b8 .functor BUFT 1, C4<00000000>, C4<0>, C4<0>, C4<0>;
v0x7fed40516d90_0 .net/2u *"_ivl_74", 7 0, L_0x10faef1b8;  1 drivers
v0x7fed40516e40_0 .net *"_ivl_79", 7 0, L_0x7fed4041b5a0;  1 drivers
v0x7fed40516ef0_0 .net *"_ivl_8", 31 0, L_0x7fed40402fe0;  1 drivers
L_0x10faef200 .functor BUFT 1, C4<00000000>, C4<0>, C4<0>, C4<0>;
v0x7fed40516fa0_0 .net/2u *"_ivl_80", 7 0, L_0x10faef200;  1 drivers
v0x7fed40517050_0 .net "blue_out", 7 0, L_0x7fed4041b640;  alias, 1 drivers
v0x7fed40517100_0 .net "color", 23 0, v0x7fed40514ff0_0;  1 drivers
L_0x10faef248 .functor BUFT 1, C4<0>, C4<0>, C4<0>, C4<0>;
v0x7fed40516640_0 .net "dina", 0 0, L_0x10faef248;  1 drivers
L_0x10faef2d8 .functor BUFT 1, C4<1>, C4<0>, C4<0>, C4<0>;
v0x7fed40517390_0 .net "ena", 0 0, L_0x10faef2d8;  1 drivers
v0x7fed40517420_0 .net "green_out", 7 0, L_0x7fed4041b940;  alias, 1 drivers
v0x7fed405174b0_0 .net "hcount_in", 10 0, v0x7fed40517eb0_0;  1 drivers
v0x7fed40517540_0 .net "image_addr", 15 0, L_0x7fed4041f290;  1 drivers
v0x7fed405175d0_0 .net "img_to_pal", 7 0, L_0x7fed4041dbd0;  1 drivers
v0x7fed405176a0_0 .net "in_sprite", 0 0, L_0x7fed4041e910;  1 drivers
v0x7fed40517730_0 .net "pixel_clk_in", 0 0, v0x7fed40517f60_0;  1 drivers
v0x7fed40517800_0 .net "red_out", 7 0, L_0x7fed40411da0;  alias, 1 drivers
L_0x10faef320 .functor BUFT 1, C4<1>, C4<0>, C4<0>, C4<0>;
v0x7fed40517890_0 .net "regcea", 0 0, L_0x10faef320;  1 drivers
v0x7fed40517960_0 .net "rst_in", 0 0, v0x7fed4041e530_0;  1 drivers
L_0x10faef3f8 .functor BUFT 1, C4<0101111100>, C4<0>, C4<0>, C4<0>;
v0x7fed40517a30_0 .net "vcount_in", 9 0, L_0x10faef3f8;  1 drivers
L_0x10faef290 .functor BUFT 1, C4<0>, C4<0>, C4<0>, C4<0>;
v0x7fed40517ac0_0 .net "wea", 0 0, L_0x10faef290;  1 drivers
L_0x10faef368 .functor BUFT 1, C4<00100000000>, C4<0>, C4<0>, C4<0>;
v0x7fed40517b90_0 .net "x_in", 10 0, L_0x10faef368;  1 drivers
L_0x10faef3b0 .functor BUFT 1, C4<0100000000>, C4<0>, C4<0>, C4<0>;
v0x7fed40517c20_0 .net "y_in", 9 0, L_0x10faef3b0;  1 drivers
L_0x7fed4041dcd0 .concat [ 11 21 0 0], v0x7fed40517eb0_0, L_0x10faef008;
L_0x7fed40402fe0 .arith/sub 32, L_0x7fed4041dcd0, L_0x10faef440;
L_0x7fed4041e750 .arith/sub 32, L_0x10faef488, L_0x10faef4d0;
L_0x7fed4041f530 .arith/mult 32, L_0x7fed4041e750, L_0x10faef050;
L_0x7fed4041f5d0 .arith/sum 32, L_0x7fed40402fe0, L_0x7fed4041f530;
L_0x7fed4041f290 .part L_0x7fed4041f5d0, 0, 16;
L_0x7fed4041f330 .cmp/ge 11, v0x7fed40517eb0_0, L_0x10faef368;
L_0x7fed4041ef80 .concat [ 11 21 0 0], v0x7fed40517eb0_0, L_0x10faef098;
L_0x7fed4041f020 .arith/sum 32, L_0x10faef518, L_0x10faef0e0;
L_0x7fed4041c350 .cmp/gt 32, L_0x7fed4041f020, L_0x7fed4041ef80;
L_0x7fed4041c3f0 .cmp/ge 10, L_0x10faef3f8, L_0x10faef3b0;
L_0x7fed4041c020 .arith/sum 32, L_0x10faef5a8, L_0x10faef128;
L_0x7fed4041c0c0 .cmp/gt 32, L_0x7fed4041c020, L_0x10faef560;
L_0x7fed40411d00 .part v0x7fed40514ff0_0, 16, 8;
L_0x7fed40411da0 .functor MUXZ 8, L_0x10faef170, L_0x7fed40411d00, L_0x7fed4041e910, C4<>;
L_0x7fed4041bd10 .part v0x7fed40514ff0_0, 8, 8;
L_0x7fed4041b940 .functor MUXZ 8, L_0x10faef1b8, L_0x7fed4041bd10, L_0x7fed4041e910, C4<>;
L_0x7fed4041b5a0 .part v0x7fed40514ff0_0, 0, 8;
L_0x7fed4041b640 .functor MUXZ 8, L_0x10faef200, L_0x7fed4041b5a0, L_0x7fed4041e910, C4<>;
S_0x7fed405031e0 .scope module, "image_mem" "xilinx_single_port_ram_read_first" 4 52, 5 10 0, S_0x7fed40502e00;
 .timescale -9 -12;
    .port_info 0 /INPUT 16 "addra";
    .port_info 1 /INPUT 8 "dina";
    .port_info 2 /INPUT 1 "clka";
    .port_info 3 /INPUT 1 "wea";
    .port_info 4 /INPUT 1 "ena";
    .port_info 5 /INPUT 1 "rsta";
    .port_info 6 /INPUT 1 "regcea";
    .port_info 7 /OUTPUT 8 "douta";
P_0x7fed405033a0 .param/str "INIT_FILE" 0 5 14, "data/image.mem";
P_0x7fed405033e0 .param/l "RAM_DEPTH" 0 5 12, +C4<0000000000000000000000000000000000000000000000010000000000000000>;
P_0x7fed40503420 .param/str "RAM_PERFORMANCE" 0 5 13, "HIGH_PERFORMANCE";
P_0x7fed40503460 .param/l "RAM_WIDTH" 0 5 11, +C4<00000000000000000000000000001000>;
v0x7fed40513e20 .array "BRAM", 0 65535, 7 0;
v0x7fed40513ec0_0 .net "addra", 15 0, L_0x7fed4041f290;  alias, 1 drivers
v0x7fed40513f70_0 .net "clka", 0 0, v0x7fed40517f60_0;  alias, 1 drivers
L_0x10faef5f0 .functor BUFT 1, C4<00000000>, C4<0>, C4<0>, C4<0>;
v0x7fed40514020_0 .net "dina", 7 0, L_0x10faef5f0;  1 drivers
v0x7fed405140d0_0 .net "douta", 7 0, L_0x7fed4041dbd0;  alias, 1 drivers
v0x7fed405141c0_0 .net "ena", 0 0, L_0x10faef2d8;  alias, 1 drivers
v0x7fed40514260_0 .var "ram_data", 7 0;
v0x7fed40514310_0 .net "regcea", 0 0, L_0x10faef320;  alias, 1 drivers
v0x7fed405143b0_0 .net "rsta", 0 0, v0x7fed4041e530_0;  alias, 1 drivers
v0x7fed405144c0_0 .net "wea", 0 0, L_0x10faef290;  alias, 1 drivers
S_0x7fed40503720 .scope function.vec4.u32, "clogb2" "clogb2" 5 74, 5 74 0, S_0x7fed405031e0;
 .timescale -9 -12;
; Variable clogb2 is vec4 return value of scope S_0x7fed40503720
v0x7fed40513930_0 .var/i "depth", 31 0;
TD_image_sprite_tb.uut.image_mem.clogb2 ;
    %pushi/vec4 0, 0, 32;
    %ret/vec4 0, 0, 32;  Assign to clogb2 (store_vec4_to_lval)
T_0.0 ;
    %load/vec4 v0x7fed40513930_0;
    %cmpi/s 0, 0, 32;
    %flag_or 5, 4; GT is !LE
    %flag_inv 5;
    %jmp/0xz T_0.1, 5;
    %load/vec4 v0x7fed40513930_0;
    %ix/load 4, 1, 0;
    %flag_set/imm 4, 0;
    %shiftr 4;
    %store/vec4 v0x7fed40513930_0, 0, 32;
    %retload/vec4 0; Load clogb2 (draw_signal_vec4)
    %addi 1, 0, 32;
    %ret/vec4 0, 0, 32;  Assign to clogb2 (store_vec4_to_lval)
    %jmp T_0.0;
T_0.1 ;
    %end;
S_0x7fed405139d0 .scope generate, "output_register" "output_register" 5 51, 5 51 0, S_0x7fed405031e0;
 .timescale -9 -12;
L_0x7fed4041dbd0 .functor BUFZ 8, v0x7fed40513b80_0, C4<00000000>, C4<00000000>, C4<00000000>;
v0x7fed40513b80_0 .var "douta_reg", 7 0;
E_0x7fed40513b40 .event posedge, v0x7fed40513f70_0;
S_0x7fed40513c40 .scope generate, "use_init_file" "use_init_file" 5 31, 5 31 0, S_0x7fed405031e0;
 .timescale -9 -12;
S_0x7fed405145d0 .scope module, "palette_mem" "xilinx_single_port_ram_read_first" 4 68, 5 10 0, S_0x7fed40502e00;
 .timescale -9 -12;
    .port_info 0 /INPUT 8 "addra";
    .port_info 1 /INPUT 24 "dina";
    .port_info 2 /INPUT 1 "clka";
    .port_info 3 /INPUT 1 "wea";
    .port_info 4 /INPUT 1 "ena";
    .port_info 5 /INPUT 1 "rsta";
    .port_info 6 /INPUT 1 "regcea";
    .port_info 7 /OUTPUT 24 "douta";
P_0x7fed405147a0 .param/str "INIT_FILE" 0 5 14, "data/palette.mem";
P_0x7fed405147e0 .param/l "RAM_DEPTH" 0 5 12, +C4<00000000000000000000000100000000>;
P_0x7fed40514820 .param/str "RAM_PERFORMANCE" 0 5 13, "HIGH_PERFORMANCE";
P_0x7fed40514860 .param/l "RAM_WIDTH" 0 5 11, +C4<00000000000000000000000000011000>;
v0x7fed40515270 .array "BRAM", 0 255, 23 0;
v0x7fed40515310_0 .net "addra", 7 0, L_0x7fed4041dbd0;  alias, 1 drivers
v0x7fed405153d0_0 .net "clka", 0 0, v0x7fed40517f60_0;  alias, 1 drivers
L_0x10faef638 .functor BUFT 1, C4<000000000000000000000000>, C4<0>, C4<0>, C4<0>;
v0x7fed405154a0_0 .net "dina", 23 0, L_0x10faef638;  1 drivers
v0x7fed40515530_0 .net "douta", 23 0, v0x7fed40514ff0_0;  alias, 1 drivers
v0x7fed40515610_0 .net "ena", 0 0, L_0x10faef2d8;  alias, 1 drivers
v0x7fed405156a0_0 .var "ram_data", 23 0;
v0x7fed40515740_0 .net "regcea", 0 0, L_0x10faef320;  alias, 1 drivers
v0x7fed405157f0_0 .net "rsta", 0 0, v0x7fed4041e530_0;  alias, 1 drivers
v0x7fed40515920_0 .net "wea", 0 0, L_0x10faef290;  alias, 1 drivers
S_0x7fed40514b60 .scope function.vec4.u32, "clogb2" "clogb2" 5 74, 5 74 0, S_0x7fed405145d0;
 .timescale -9 -12;
; Variable clogb2 is vec4 return value of scope S_0x7fed40514b60
v0x7fed40514de0_0 .var/i "depth", 31 0;
TD_image_sprite_tb.uut.palette_mem.clogb2 ;
    %pushi/vec4 0, 0, 32;
    %ret/vec4 0, 0, 32;  Assign to clogb2 (store_vec4_to_lval)
T_1.2 ;
    %load/vec4 v0x7fed40514de0_0;
    %cmpi/s 0, 0, 32;
    %flag_or 5, 4; GT is !LE
    %flag_inv 5;
    %jmp/0xz T_1.3, 5;
    %load/vec4 v0x7fed40514de0_0;
    %ix/load 4, 1, 0;
    %flag_set/imm 4, 0;
    %shiftr 4;
    %store/vec4 v0x7fed40514de0_0, 0, 32;
    %retload/vec4 0; Load clogb2 (draw_signal_vec4)
    %addi 1, 0, 32;
    %ret/vec4 0, 0, 32;  Assign to clogb2 (store_vec4_to_lval)
    %jmp T_1.2;
T_1.3 ;
    %end;
S_0x7fed40514e80 .scope generate, "output_register" "output_register" 5 51, 5 51 0, S_0x7fed405145d0;
 .timescale -9 -12;
v0x7fed40514ff0_0 .var "douta_reg", 23 0;
S_0x7fed40515090 .scope generate, "use_init_file" "use_init_file" 5 31, 5 31 0, S_0x7fed405145d0;
 .timescale -9 -12;
    .scope S_0x7fed40513c40;
T_2 ;
    %vpi_call/w 5 33 "$readmemh", P_0x7fed405033a0, v0x7fed40513e20, 32'sb00000000000000000000000000000000, 64'sb0000000000000000000000000000000000000000000000001111111111111111 {0 0 0};
    %end;
    .thread T_2;
    .scope S_0x7fed405139d0;
T_3 ;
    %pushi/vec4 0, 0, 8;
    %store/vec4 v0x7fed40513b80_0, 0, 8;
    %end;
    .thread T_3, $init;
    .scope S_0x7fed405139d0;
T_4 ;
    %wait E_0x7fed40513b40;
    %load/vec4 v0x7fed405143b0_0;
    %flag_set/vec4 8;
    %jmp/0xz  T_4.0, 8;
    %pushi/vec4 0, 0, 8;
    %assign/vec4 v0x7fed40513b80_0, 0;
    %jmp T_4.1;
T_4.0 ;
    %load/vec4 v0x7fed40514310_0;
    %flag_set/vec4 8;
    %jmp/0xz  T_4.2, 8;
    %load/vec4 v0x7fed40514260_0;
    %assign/vec4 v0x7fed40513b80_0, 0;
T_4.2 ;
T_4.1 ;
    %jmp T_4;
    .thread T_4;
    .scope S_0x7fed405031e0;
T_5 ;
    %pushi/vec4 0, 0, 8;
    %store/vec4 v0x7fed40514260_0, 0, 8;
    %end;
    .thread T_5, $init;
    .scope S_0x7fed405031e0;
T_6 ;
    %wait E_0x7fed40513b40;
    %load/vec4 v0x7fed405141c0_0;
    %flag_set/vec4 8;
    %jmp/0xz  T_6.0, 8;
    %load/vec4 v0x7fed405144c0_0;
    %flag_set/vec4 8;
    %jmp/0xz  T_6.2, 8;
    %load/vec4 v0x7fed40514020_0;
    %load/vec4 v0x7fed40513ec0_0;
    %pad/u 18;
    %ix/vec4 3;
    %ix/load 4, 0, 0; Constant delay
    %assign/vec4/a/d v0x7fed40513e20, 0, 4;
T_6.2 ;
    %load/vec4 v0x7fed40513ec0_0;
    %pad/u 18;
    %ix/vec4 4;
    %load/vec4a v0x7fed40513e20, 4;
    %assign/vec4 v0x7fed40514260_0, 0;
T_6.0 ;
    %jmp T_6;
    .thread T_6;
    .scope S_0x7fed40515090;
T_7 ;
    %vpi_call/w 5 33 "$readmemh", P_0x7fed405147a0, v0x7fed40515270, 32'sb00000000000000000000000000000000, 32'sb00000000000000000000000011111111 {0 0 0};
    %end;
    .thread T_7;
    .scope S_0x7fed40514e80;
T_8 ;
    %pushi/vec4 0, 0, 24;
    %store/vec4 v0x7fed40514ff0_0, 0, 24;
    %end;
    .thread T_8, $init;
    .scope S_0x7fed40514e80;
T_9 ;
    %wait E_0x7fed40513b40;
    %load/vec4 v0x7fed405157f0_0;
    %flag_set/vec4 8;
    %jmp/0xz  T_9.0, 8;
    %pushi/vec4 0, 0, 24;
    %assign/vec4 v0x7fed40514ff0_0, 0;
    %jmp T_9.1;
T_9.0 ;
    %load/vec4 v0x7fed40515740_0;
    %flag_set/vec4 8;
    %jmp/0xz  T_9.2, 8;
    %load/vec4 v0x7fed405156a0_0;
    %assign/vec4 v0x7fed40514ff0_0, 0;
T_9.2 ;
T_9.1 ;
    %jmp T_9;
    .thread T_9;
    .scope S_0x7fed405145d0;
T_10 ;
    %pushi/vec4 0, 0, 24;
    %store/vec4 v0x7fed405156a0_0, 0, 24;
    %end;
    .thread T_10, $init;
    .scope S_0x7fed405145d0;
T_11 ;
    %wait E_0x7fed40513b40;
    %load/vec4 v0x7fed40515610_0;
    %flag_set/vec4 8;
    %jmp/0xz  T_11.0, 8;
    %load/vec4 v0x7fed40515920_0;
    %flag_set/vec4 8;
    %jmp/0xz  T_11.2, 8;
    %load/vec4 v0x7fed405154a0_0;
    %load/vec4 v0x7fed40515310_0;
    %pad/u 10;
    %ix/vec4 3;
    %ix/load 4, 0, 0; Constant delay
    %assign/vec4/a/d v0x7fed40515270, 0, 4;
T_11.2 ;
    %load/vec4 v0x7fed40515310_0;
    %pad/u 10;
    %ix/vec4 4;
    %load/vec4a v0x7fed40515270, 4;
    %assign/vec4 v0x7fed405156a0_0, 0;
T_11.0 ;
    %jmp T_11;
    .thread T_11;
    .scope S_0x7fed40502c90;
T_12 ;
    %delay 5000, 0;
    %load/vec4 v0x7fed40517f60_0;
    %nor/r;
    %store/vec4 v0x7fed40517f60_0, 0, 1;
    %jmp T_12;
    .thread T_12;
    .scope S_0x7fed40502c90;
T_13 ;
    %vpi_call/w 3 32 "$dumpfile", "image_sprite.vcd" {0 0 0};
    %vpi_call/w 3 33 "$dumpvars", 32'sb00000000000000000000000000000000, S_0x7fed40502c90 {0 0 0};
    %vpi_call/w 3 34 "$display", "Starting Sim" {0 0 0};
    %pushi/vec4 0, 0, 1;
    %store/vec4 v0x7fed40517f60_0, 0, 1;
    %pushi/vec4 0, 0, 1;
    %store/vec4 v0x7fed4041e530_0, 0, 1;
    %pushi/vec4 0, 0, 11;
    %store/vec4 v0x7fed40517eb0_0, 0, 11;
    %delay 10000, 0;
    %pushi/vec4 1, 0, 1;
    %store/vec4 v0x7fed4041e530_0, 0, 1;
    %delay 10000, 0;
    %pushi/vec4 0, 0, 1;
    %store/vec4 v0x7fed4041e530_0, 0, 1;
    %delay 10000, 0;
    %pushi/vec4 0, 0, 11;
    %store/vec4 v0x7fed40517eb0_0, 0, 11;
T_13.0 ;
    %load/vec4 v0x7fed40517eb0_0;
    %pad/u 32;
    %cmpi/u 1025, 0, 32;
    %jmp/0xz T_13.1, 5;
    %delay 10000, 0;
    %load/vec4 v0x7fed40517eb0_0;
    %addi 1, 0, 11;
    %store/vec4 v0x7fed40517eb0_0, 0, 11;
    %jmp T_13.0;
T_13.1 ;
    %delay 100000, 0;
    %vpi_call/w 3 47 "$display", "Finishing Sim" {0 0 0};
    %vpi_call/w 3 48 "$finish" {0 0 0};
    %end;
    .thread T_13;
# The file index is used to find the file name in the following table.
:file_names 6;
    "N/A";
    "<interactive>";
    "-";
    "sim/image_sprite_tb.sv";
    "hdl/image_sprite.sv";
    "hdl/xilinx_single_port_ram_read_first.v";
