#! /usr/local/Cellar/icarus-verilog/12.0/bin/vvp
:ivl_version "12.0 (stable)";
:ivl_delay_selection "TYPICAL";
:vpi_time_precision - 12;
:vpi_module "/usr/local/Cellar/icarus-verilog/12.0/lib/ivl/system.vpi";
:vpi_module "/usr/local/Cellar/icarus-verilog/12.0/lib/ivl/vhdl_sys.vpi";
:vpi_module "/usr/local/Cellar/icarus-verilog/12.0/lib/ivl/vhdl_textio.vpi";
:vpi_module "/usr/local/Cellar/icarus-verilog/12.0/lib/ivl/v2005_math.vpi";
:vpi_module "/usr/local/Cellar/icarus-verilog/12.0/lib/ivl/va_math.vpi";
:vpi_module "/usr/local/Cellar/icarus-verilog/12.0/lib/ivl/v2009.vpi";
S_0x7fd8aff00400 .scope package, "$unit" "$unit" 2 1;
 .timescale 0 0;
S_0x7fd8aff00570 .scope module, "scale_tb" "scale_tb" 3 4;
 .timescale -9 -12;
v0x7fd8aff10e10_0 .var "hcount_in", 10 0;
v0x7fd8aff10ec0_0 .var "scale_in", 1 0;
v0x7fd8aff10f50_0 .net "scaled_hcount", 10 0, v0x7fd8aff10a80_0;  1 drivers
v0x7fd8aff11020_0 .net "scaled_vcount", 9 0, v0x7fd8aff10b40_0;  1 drivers
v0x7fd8aff110d0_0 .net "valid_addr", 0 0, v0x7fd8aff10bf0_0;  1 drivers
v0x7fd8aff111a0_0 .var "vcount_in", 9 0;
S_0x7fd8aff006e0 .scope module, "uut" "scale" 3 14, 4 4 0, S_0x7fd8aff00570;
 .timescale -9 -12;
    .port_info 0 /INPUT 2 "scale_in";
    .port_info 1 /INPUT 11 "hcount_in";
    .port_info 2 /INPUT 10 "vcount_in";
    .port_info 3 /OUTPUT 11 "scaled_hcount_out";
    .port_info 4 /OUTPUT 10 "scaled_vcount_out";
    .port_info 5 /OUTPUT 1 "valid_addr_out";
v0x7fd8aff00920_0 .net "hcount_in", 10 0, v0x7fd8aff10e10_0;  1 drivers
v0x7fd8aff109d0_0 .net "scale_in", 1 0, v0x7fd8aff10ec0_0;  1 drivers
v0x7fd8aff10a80_0 .var "scaled_hcount_out", 10 0;
v0x7fd8aff10b40_0 .var "scaled_vcount_out", 9 0;
v0x7fd8aff10bf0_0 .var "valid_addr_out", 0 0;
v0x7fd8aff10cd0_0 .net "vcount_in", 9 0, v0x7fd8aff111a0_0;  1 drivers
E_0x7fd8aff008e0 .event anyedge, v0x7fd8aff109d0_0, v0x7fd8aff00920_0, v0x7fd8aff10cd0_0;
    .scope S_0x7fd8aff006e0;
T_0 ;
Ewait_0 .event/or E_0x7fd8aff008e0, E_0x0;
    %wait Ewait_0;
    %load/vec4 v0x7fd8aff109d0_0;
    %dup/vec4;
    %pushi/vec4 2, 0, 2;
    %cmp/u;
    %jmp/1 T_0.0, 6;
    %dup/vec4;
    %pushi/vec4 3, 0, 2;
    %cmp/u;
    %jmp/1 T_0.1, 6;
    %load/vec4 v0x7fd8aff00920_0;
    %pad/u 32;
    %cmpi/u 240, 0, 32;
    %flag_get/vec4 5;
    %jmp/0 T_0.4, 5;
    %load/vec4 v0x7fd8aff10cd0_0;
    %pad/u 32;
    %cmpi/u 320, 0, 32;
    %flag_get/vec4 5;
    %and;
T_0.4;
    %cassign/vec4 v0x7fd8aff10bf0_0;
    %load/vec4 v0x7fd8aff00920_0;
    %cassign/vec4 v0x7fd8aff10a80_0;
    %cassign/link v0x7fd8aff10a80_0, v0x7fd8aff00920_0;
    %load/vec4 v0x7fd8aff10cd0_0;
    %cassign/vec4 v0x7fd8aff10b40_0;
    %cassign/link v0x7fd8aff10b40_0, v0x7fd8aff10cd0_0;
    %jmp T_0.3;
T_0.0 ;
    %load/vec4 v0x7fd8aff00920_0;
    %pad/u 32;
    %cmpi/u 960, 0, 32;
    %flag_get/vec4 5;
    %jmp/0 T_0.5, 5;
    %load/vec4 v0x7fd8aff10cd0_0;
    %pad/u 32;
    %cmpi/u 640, 0, 32;
    %flag_get/vec4 5;
    %and;
T_0.5;
    %cassign/vec4 v0x7fd8aff10bf0_0;
    %load/vec4 v0x7fd8aff00920_0;
    %ix/load 4, 2, 0;
    %flag_set/imm 4, 0;
    %shiftr 4;
    %cassign/vec4 v0x7fd8aff10a80_0;
    %load/vec4 v0x7fd8aff10cd0_0;
    %ix/load 4, 1, 0;
    %flag_set/imm 4, 0;
    %shiftr 4;
    %cassign/vec4 v0x7fd8aff10b40_0;
    %jmp T_0.3;
T_0.1 ;
    %load/vec4 v0x7fd8aff00920_0;
    %pad/u 32;
    %cmpi/u 480, 0, 32;
    %flag_get/vec4 5;
    %jmp/0 T_0.6, 5;
    %load/vec4 v0x7fd8aff10cd0_0;
    %pad/u 32;
    %cmpi/u 640, 0, 32;
    %flag_get/vec4 5;
    %and;
T_0.6;
    %cassign/vec4 v0x7fd8aff10bf0_0;
    %load/vec4 v0x7fd8aff00920_0;
    %ix/load 4, 1, 0;
    %flag_set/imm 4, 0;
    %shiftr 4;
    %cassign/vec4 v0x7fd8aff10a80_0;
    %load/vec4 v0x7fd8aff10cd0_0;
    %ix/load 4, 1, 0;
    %flag_set/imm 4, 0;
    %shiftr 4;
    %cassign/vec4 v0x7fd8aff10b40_0;
    %jmp T_0.3;
T_0.3 ;
    %pop/vec4 1;
    %jmp T_0;
    .thread T_0, $push;
    .scope S_0x7fd8aff00570;
T_1 ;
    %delay 5000, 0;
    %load/vec4 v0x7fd8aff111a0_0;
    %pad/u 32;
    %cmpi/e 299, 0, 32;
    %flag_get/vec4 4;
    %jmp/0 T_1.2, 4;
    %load/vec4 v0x7fd8aff10e10_0;
    %pad/u 32;
    %pushi/vec4 499, 0, 32;
    %cmp/e;
    %flag_get/vec4 4;
    %and;
T_1.2;
    %flag_set/vec4 8;
    %jmp/0 T_1.0, 8;
    %pushi/vec4 0, 0, 10;
    %jmp/1 T_1.1, 8;
T_1.0 ; End of true expr.
    %load/vec4 v0x7fd8aff10e10_0;
    %pad/u 32;
    %cmpi/e 499, 0, 32;
    %flag_mov 9, 4;
    %jmp/0 T_1.3, 9;
    %load/vec4 v0x7fd8aff111a0_0;
    %addi 1, 0, 10;
    %jmp/1 T_1.4, 9;
T_1.3 ; End of true expr.
    %load/vec4 v0x7fd8aff111a0_0;
    %jmp/0 T_1.4, 9;
 ; End of false expr.
    %blend;
T_1.4;
    %jmp/0 T_1.1, 8;
 ; End of false expr.
    %blend;
T_1.1;
    %store/vec4 v0x7fd8aff111a0_0, 0, 10;
    %load/vec4 v0x7fd8aff10e10_0;
    %pad/u 32;
    %cmpi/e 499, 0, 32;
    %flag_mov 8, 4;
    %jmp/0 T_1.5, 8;
    %pushi/vec4 0, 0, 11;
    %jmp/1 T_1.6, 8;
T_1.5 ; End of true expr.
    %load/vec4 v0x7fd8aff10e10_0;
    %addi 1, 0, 11;
    %jmp/0 T_1.6, 8;
 ; End of false expr.
    %blend;
T_1.6;
    %store/vec4 v0x7fd8aff10e10_0, 0, 11;
    %jmp T_1;
    .thread T_1;
    .scope S_0x7fd8aff00570;
T_2 ;
    %vpi_call/w 3 31 "$dumpfile", "scale.vcd" {0 0 0};
    %vpi_call/w 3 32 "$dumpvars", 32'sb00000000000000000000000000000000, S_0x7fd8aff00570 {0 0 0};
    %vpi_call/w 3 33 "$display", "Starting Sim" {0 0 0};
    %pushi/vec4 0, 0, 11;
    %store/vec4 v0x7fd8aff10e10_0, 0, 11;
    %pushi/vec4 0, 0, 10;
    %store/vec4 v0x7fd8aff111a0_0, 0, 10;
    %pushi/vec4 0, 0, 2;
    %store/vec4 v0x7fd8aff10ec0_0, 0, 2;
    %delay 10000, 0;
    %delay 12000000, 0;
    %pushi/vec4 1, 0, 2;
    %store/vec4 v0x7fd8aff10ec0_0, 0, 2;
    %delay 12000000, 0;
    %pushi/vec4 2, 0, 2;
    %store/vec4 v0x7fd8aff10ec0_0, 0, 2;
    %delay 12000000, 0;
    %pushi/vec4 3, 0, 2;
    %store/vec4 v0x7fd8aff10ec0_0, 0, 2;
    %delay 12000000, 0;
    %delay 100000, 0;
    %vpi_call/w 3 46 "$display", "Finishing Sim" {0 0 0};
    %vpi_call/w 3 47 "$finish" {0 0 0};
    %end;
    .thread T_2;
# The file index is used to find the file name in the following table.
:file_names 5;
    "N/A";
    "<interactive>";
    "-";
    "sim/scale_tb.sv";
    "hdl/scale.sv";
