Copyright 1986-2022 Xilinx, Inc. All Rights Reserved. Copyright 2022-2023 Advanced Micro Devices, Inc. All Rights Reserved.
---------------------------------------------------------------------------------------------------------------------------------------------
| Tool Version : Vivado v.2023.1 (lin64) Build 3865809 Sun May  7 15:04:56 MDT 2023
| Date         : Wed Dec 13 21:40:42 2023
| Host         : worker running 64-bit Ubuntu 20.04.6 LTS
| Command      : report_timing_summary -file obj/post_place_timing_summary.rpt
| Design       : top_level
| Device       : 7s50-csga324
| Speed File   : -1  PRODUCTION 1.23 2018-06-13
| Design State : Fully Placed
---------------------------------------------------------------------------------------------------------------------------------------------

Timing Summary Report

------------------------------------------------------------------------------------------------
| Timer Settings
| --------------
------------------------------------------------------------------------------------------------

  Enable Multi Corner Analysis               :  Yes
  Enable Pessimism Removal                   :  Yes
  Pessimism Removal Resolution               :  Nearest Common Node
  Enable Input Delay Default Clock           :  No
  Enable Preset / Clear Arcs                 :  No
  Disable Flight Delays                      :  No
  Ignore I/O Paths                           :  No
  Timing Early Launch at Borrowing Latches   :  No
  Borrow Time for Max Delay Exceptions       :  Yes
  Merge Timing Exceptions                    :  Yes

  Corner  Analyze    Analyze    
  Name    Max Paths  Min Paths  
  ------  ---------  ---------  
  Slow    Yes        Yes        
  Fast    Yes        Yes        


------------------------------------------------------------------------------------------------
| Report Methodology
| ------------------
------------------------------------------------------------------------------------------------

No report available as report_methodology has not been run prior. Run report_methodology on the current design for the summary of methodology violations.



check_timing report

Table of Contents
-----------------
1. checking no_clock (0)
2. checking constant_clock (0)
3. checking pulse_width_clock (0)
4. checking unconstrained_internal_endpoints (0)
5. checking no_input_delay (29)
6. checking no_output_delay (28)
7. checking multiple_clock (0)
8. checking generated_clocks (0)
9. checking loops (0)
10. checking partial_input_delay (0)
11. checking partial_output_delay (0)
12. checking latch_loops (0)

1. checking no_clock (0)
------------------------
 There are 0 register/latch pins with no clock.


2. checking constant_clock (0)
------------------------------
 There are 0 register/latch pins with constant_clock.


3. checking pulse_width_clock (0)
---------------------------------
 There are 0 register/latch pins which need pulse_width check


4. checking unconstrained_internal_endpoints (0)
------------------------------------------------
 There are 0 pins that are not constrained for maximum delay.

 There are 0 pins that are not constrained for maximum delay due to constant clock.


5. checking no_input_delay (29)
-------------------------------
 There are 29 input ports with no input delay specified. (HIGH)

 There are 0 input ports with no input delay but user has a false path constraint.


6. checking no_output_delay (28)
--------------------------------
 There are 28 ports with no output delay specified. (HIGH)

 There are 0 ports with no output delay but user has a false path constraint

 There are 0 ports with no output delay but with a timing clock defined on it or propagating through it


7. checking multiple_clock (0)
------------------------------
 There are 0 register/latch pins with multiple clocks.


8. checking generated_clocks (0)
--------------------------------
 There are 0 generated clocks that are not connected to a clock source.


9. checking loops (0)
---------------------
 There are 0 combinational loops in the design.


10. checking partial_input_delay (0)
------------------------------------
 There are 0 input ports with partial input delay specified.


11. checking partial_output_delay (0)
-------------------------------------
 There are 0 ports with partial output delay specified.


12. checking latch_loops (0)
----------------------------
 There are 0 combinational latch loops in the design through latch input



------------------------------------------------------------------------------------------------
| Design Timing Summary
| ---------------------
------------------------------------------------------------------------------------------------

    WNS(ns)      TNS(ns)  TNS Failing Endpoints  TNS Total Endpoints      WHS(ns)      THS(ns)  THS Failing Endpoints  THS Total Endpoints     WPWS(ns)     TPWS(ns)  TPWS Failing Endpoints  TPWS Total Endpoints  
    -------      -------  ---------------------  -------------------      -------      -------  ---------------------  -------------------     --------     --------  ----------------------  --------------------  
      1.884        0.000                      0                 3766        0.004        0.000                      0                 3766        0.538        0.000                       0                  1138  


All user specified timing constraints are met.


------------------------------------------------------------------------------------------------
| Clock Summary
| -------------
------------------------------------------------------------------------------------------------

Clock                  Waveform(ns)         Period(ns)      Frequency(MHz)
-----                  ------------         ----------      --------------
gclk                   {0.000 4.000}        10.000          100.000         
  clk_pixel_clk_wiz_0  {0.000 6.734}        13.468          74.250          
  clk_tmds_clk_wiz_0   {0.000 1.347}        2.694           371.250         
  clkfbout_clk_wiz_0   {0.000 25.000}       50.000          20.000          


------------------------------------------------------------------------------------------------
| Intra Clock Table
| -----------------
------------------------------------------------------------------------------------------------

Clock                      WNS(ns)      TNS(ns)  TNS Failing Endpoints  TNS Total Endpoints      WHS(ns)      THS(ns)  THS Failing Endpoints  THS Total Endpoints     WPWS(ns)     TPWS(ns)  TPWS Failing Endpoints  TPWS Total Endpoints  
-----                      -------      -------  ---------------------  -------------------      -------      -------  ---------------------  -------------------     --------     --------  ----------------------  --------------------  
gclk                                                                                                                                                                     2.000        0.000                       0                     1  
  clk_pixel_clk_wiz_0        1.884        0.000                      0                 3766        0.004        0.000                      0                 3766        5.754        0.000                       0                  1126  
  clk_tmds_clk_wiz_0                                                                                                                                                     0.538        0.000                       0                     8  
  clkfbout_clk_wiz_0                                                                                                                                                    47.845        0.000                       0                     3  


------------------------------------------------------------------------------------------------
| Inter Clock Table
| -----------------
------------------------------------------------------------------------------------------------

From Clock    To Clock          WNS(ns)      TNS(ns)  TNS Failing Endpoints  TNS Total Endpoints      WHS(ns)      THS(ns)  THS Failing Endpoints  THS Total Endpoints  
----------    --------          -------      -------  ---------------------  -------------------      -------      -------  ---------------------  -------------------  


------------------------------------------------------------------------------------------------
| Other Path Groups Table
| -----------------------
------------------------------------------------------------------------------------------------

Path Group    From Clock    To Clock          WNS(ns)      TNS(ns)  TNS Failing Endpoints  TNS Total Endpoints      WHS(ns)      THS(ns)  THS Failing Endpoints  THS Total Endpoints  
----------    ----------    --------          -------      -------  ---------------------  -------------------      -------      -------  ---------------------  -------------------  


------------------------------------------------------------------------------------------------
| Timing Details
| --------------
------------------------------------------------------------------------------------------------


---------------------------------------------------------------------------------------------------
From Clock:  gclk
  To Clock:  gclk

Setup :           NA  Failing Endpoints,  Worst Slack           NA  ,  Total Violation           NA
Hold  :           NA  Failing Endpoints,  Worst Slack           NA  ,  Total Violation           NA
PW    :            0  Failing Endpoints,  Worst Slack        2.000ns,  Total Violation        0.000ns
---------------------------------------------------------------------------------------------------


Pulse Width Checks
--------------------------------------------------------------------------------------
Clock Name:         gclk
Waveform(ns):       { 0.000 4.000 }
Period(ns):         10.000
Sources:            { clk_100mhz }

Check Type        Corner  Lib Pin            Reference Pin  Required(ns)  Actual(ns)  Slack(ns)  Location         Pin
Min Period        n/a     MMCME2_ADV/CLKIN1  n/a            1.249         10.000      8.751      MMCME2_ADV_X0Y0  mhdmicw/mmcm_adv_inst/CLKIN1
Max Period        n/a     MMCME2_ADV/CLKIN1  n/a            100.000       10.000      90.000     MMCME2_ADV_X0Y0  mhdmicw/mmcm_adv_inst/CLKIN1
Low Pulse Width   Slow    MMCME2_ADV/CLKIN1  n/a            2.000         6.000       4.000      MMCME2_ADV_X0Y0  mhdmicw/mmcm_adv_inst/CLKIN1
High Pulse Width  Slow    MMCME2_ADV/CLKIN1  n/a            2.000         4.000       2.000      MMCME2_ADV_X0Y0  mhdmicw/mmcm_adv_inst/CLKIN1



---------------------------------------------------------------------------------------------------
From Clock:  clk_pixel_clk_wiz_0
  To Clock:  clk_pixel_clk_wiz_0

Setup :            0  Failing Endpoints,  Worst Slack        1.884ns,  Total Violation        0.000ns
Hold  :            0  Failing Endpoints,  Worst Slack        0.004ns,  Total Violation        0.000ns
PW    :            0  Failing Endpoints,  Worst Slack        5.754ns,  Total Violation        0.000ns
---------------------------------------------------------------------------------------------------


Max Delay Paths
--------------------------------------------------------------------------------------
Slack (MET) :             1.884ns  (required time - arrival time)
  Source:                 nolabel_line504/data_out_reg[5]/C
                            (rising edge-triggered cell FDRE clocked by clk_pixel_clk_wiz_0  {rise@0.000ns fall@6.734ns period=13.468ns})
  Destination:            tmds_blue/tmds_out_reg[9]/D
                            (rising edge-triggered cell FDRE clocked by clk_pixel_clk_wiz_0  {rise@0.000ns fall@6.734ns period=13.468ns})
  Path Group:             clk_pixel_clk_wiz_0
  Path Type:              Setup (Max at Slow Process Corner)
  Requirement:            13.468ns  (clk_pixel_clk_wiz_0 rise@13.468ns - clk_pixel_clk_wiz_0 rise@0.000ns)
  Data Path Delay:        11.137ns  (logic 2.184ns (19.610%)  route 8.953ns (80.390%))
  Logic Levels:           10  (LUT2=1 LUT3=2 LUT4=1 LUT5=2 LUT6=4)
  Clock Path Skew:        0.026ns (DCD - SCD + CPR)
    Destination Clock Delay (DCD):    -1.558ns = ( 11.910 - 13.468 ) 
    Source Clock Delay      (SCD):    -1.032ns
    Clock Pessimism Removal (CPR):    0.553ns
  Clock Uncertainty:      0.168ns  ((TSJ^2 + DJ^2)^1/2) / 2 + PE
    Total System Jitter     (TSJ):    0.071ns
    Discrete Jitter          (DJ):    0.329ns
    Phase Error              (PE):    0.000ns

    Location             Delay type                Incr(ns)  Path(ns)    Netlist Resource(s)
  -------------------------------------------------------------------    -------------------
                         (clock clk_pixel_clk_wiz_0 rise edge)
                                                      0.000     0.000 r  
    N15                                               0.000     0.000 r  clk_100mhz (IN)
                         net (fo=0)                   0.000     0.000    mhdmicw/clk_100mhz
    N15                  IBUF (Prop_ibuf_I_O)         1.440     1.440 r  mhdmicw/clkin1_ibufg/O
                         net (fo=1, estimated)        1.233     2.673    mhdmicw/clk_ref_clk_wiz_0
    MMCME2_ADV_X0Y0      MMCME2_ADV (Prop_mmcme2_adv_CLKIN1_CLKOUT0)
                                                     -7.025    -4.352 r  mhdmicw/mmcm_adv_inst/CLKOUT0
                         net (fo=1, estimated)        1.666    -2.686    mhdmicw/clk_pixel_clk_wiz_0
    BUFGCTRL_X0Y0        BUFG (Prop_bufg_I_O)         0.096    -2.590 r  mhdmicw/clkout1_buf/O
                         net (fo=1127, estimated)     1.558    -1.032    nolabel_line504/clk_pixel
    SLICE_X9Y29          FDRE                                         r  nolabel_line504/data_out_reg[5]/C
  -------------------------------------------------------------------    -------------------
    SLICE_X9Y29          FDRE (Prop_fdre_C_Q)         0.456    -0.576 f  nolabel_line504/data_out_reg[5]/Q
                         net (fo=3, estimated)        0.779     0.203    nolabel_line504/sprite_pipe[5]
    SLICE_X9Y29          LUT4 (Prop_lut4_I1_O)        0.124     0.327 f  nolabel_line504/tmds_out[5]_i_7__0/O
                         net (fo=1, estimated)        0.971     1.298    nolabel_line504/tmds_out[5]_i_7__0_n_0
    SLICE_X9Y30          LUT6 (Prop_lut6_I0_O)        0.124     1.422 r  nolabel_line504/tmds_out[5]_i_5__0/O
                         net (fo=23, estimated)       0.721     2.143    nolabel_line504/tmds_out[5]_i_5__0_n_0
    SLICE_X7Y31          LUT6 (Prop_lut6_I5_O)        0.124     2.267 f  nolabel_line504/tmds_out[3]_i_4/O
                         net (fo=4, estimated)        0.734     3.001    nolabel_line504/tmds_out[3]_i_4_n_0
    SLICE_X8Y31          LUT6 (Prop_lut6_I1_O)        0.124     3.125 r  nolabel_line504/tally[1]_i_5/O
                         net (fo=2, estimated)        0.940     4.065    nolabel_line504/tally[1]_i_5_n_0
    SLICE_X5Y30          LUT5 (Prop_lut5_I2_O)        0.124     4.189 r  nolabel_line504/tally[1]_i_2__1/O
                         net (fo=37, estimated)       0.655     4.844    nolabel_line504/tally[1]_i_2__1_n_0
    SLICE_X4Y29          LUT2 (Prop_lut2_I1_O)        0.153     4.997 r  nolabel_line504/tmds_out[3]_i_2/O
                         net (fo=12, estimated)       0.874     5.871    nolabel_line504/tmds_out[3]_i_2_n_0
    SLICE_X2Y29          LUT6 (Prop_lut6_I2_O)        0.327     6.198 r  nolabel_line504/tally[4]_i_11/O
                         net (fo=2, estimated)        0.748     6.946    nolabel_line504/tally[4]_i_11_n_0
    SLICE_X2Y27          LUT3 (Prop_lut3_I0_O)        0.124     7.070 r  nolabel_line504/tally[4]_i_3/O
                         net (fo=8, estimated)        0.770     7.840    nolabel_line504/tally[4]_i_3_n_0
    SLICE_X4Y26          LUT3 (Prop_lut3_I0_O)        0.150     7.990 r  nolabel_line504/tmds_out[9]_i_2/O
                         net (fo=6, estimated)        0.971     8.961    mvg/tmds_out_reg[9]
    SLICE_X1Y26          LUT5 (Prop_lut5_I0_O)        0.354     9.315 r  mvg/tmds_out[9]_i_1/O
                         net (fo=1, estimated)        0.790    10.105    tmds_blue/tmds_out_reg[9]_0[0]
    SLICE_X1Y24          FDRE                                         r  tmds_blue/tmds_out_reg[9]/D
  -------------------------------------------------------------------    -------------------

                         (clock clk_pixel_clk_wiz_0 rise edge)
                                                     13.468    13.468 r  
    N15                                               0.000    13.468 r  clk_100mhz (IN)
                         net (fo=0)                   0.000    13.468    mhdmicw/clk_100mhz
    N15                  IBUF (Prop_ibuf_I_O)         1.370    14.838 r  mhdmicw/clkin1_ibufg/O
                         net (fo=1, estimated)        1.171    16.010    mhdmicw/clk_ref_clk_wiz_0
    MMCME2_ADV_X0Y0      MMCME2_ADV (Prop_mmcme2_adv_CLKIN1_CLKOUT0)
                                                     -7.279     8.731 r  mhdmicw/mmcm_adv_inst/CLKOUT0
                         net (fo=1, estimated)        1.583    10.314    mhdmicw/clk_pixel_clk_wiz_0
    BUFGCTRL_X0Y0        BUFG (Prop_bufg_I_O)         0.091    10.405 r  mhdmicw/clkout1_buf/O
                         net (fo=1127, estimated)     1.505    11.910    tmds_blue/clk_pixel
    SLICE_X1Y24          FDRE                                         r  tmds_blue/tmds_out_reg[9]/C
                         clock pessimism              0.553    12.462    
                         clock uncertainty           -0.168    12.294    
    SLICE_X1Y24          FDRE (Setup_fdre_C_D)       -0.305    11.989    tmds_blue/tmds_out_reg[9]
  -------------------------------------------------------------------
                         required time                         11.989    
                         arrival time                         -10.105    
  -------------------------------------------------------------------
                         slack                                  1.884    





Min Delay Paths
--------------------------------------------------------------------------------------
Slack (MET) :             0.004ns  (arrival time - required time)
  Source:                 camera_m/pixel_out_reg[6]/C
                            (rising edge-triggered cell FDRE clocked by clk_pixel_clk_wiz_0  {rise@0.000ns fall@6.734ns period=13.468ns})
  Destination:            recover_m/pixel_out_reg[6]/D
                            (rising edge-triggered cell FDRE clocked by clk_pixel_clk_wiz_0  {rise@0.000ns fall@6.734ns period=13.468ns})
  Path Group:             clk_pixel_clk_wiz_0
  Path Type:              Hold (Min at Fast Process Corner)
  Requirement:            0.000ns  (clk_pixel_clk_wiz_0 rise@0.000ns - clk_pixel_clk_wiz_0 rise@0.000ns)
  Data Path Delay:        0.337ns  (logic 0.141ns (41.839%)  route 0.196ns (58.161%))
  Logic Levels:           0  
  Clock Path Skew:        0.263ns (DCD - SCD - CPR)
    Destination Clock Delay (DCD):    -0.855ns
    Source Clock Delay      (SCD):    -0.600ns
    Clock Pessimism Removal (CPR):    -0.518ns

    Location             Delay type                Incr(ns)  Path(ns)    Netlist Resource(s)
  -------------------------------------------------------------------    -------------------
                         (clock clk_pixel_clk_wiz_0 rise edge)
                                                      0.000     0.000 r  
    N15                                               0.000     0.000 r  clk_100mhz (IN)
                         net (fo=0)                   0.000     0.000    mhdmicw/clk_100mhz
    N15                  IBUF (Prop_ibuf_I_O)         0.209     0.209 r  mhdmicw/clkin1_ibufg/O
                         net (fo=1, estimated)        0.520     0.728    mhdmicw/clk_ref_clk_wiz_0
    MMCME2_ADV_X0Y0      MMCME2_ADV (Prop_mmcme2_adv_CLKIN1_CLKOUT0)
                                                     -2.621    -1.893 r  mhdmicw/mmcm_adv_inst/CLKOUT0
                         net (fo=1, estimated)        0.702    -1.191    mhdmicw/clk_pixel_clk_wiz_0
    BUFGCTRL_X0Y0        BUFG (Prop_bufg_I_O)         0.026    -1.165 r  mhdmicw/clkout1_buf/O
                         net (fo=1127, estimated)     0.565    -0.600    camera_m/clk_pixel
    SLICE_X36Y47         FDRE                                         r  camera_m/pixel_out_reg[6]/C
  -------------------------------------------------------------------    -------------------
    SLICE_X36Y47         FDRE (Prop_fdre_C_Q)         0.141    -0.459 r  camera_m/pixel_out_reg[6]/Q
                         net (fo=1, estimated)        0.196    -0.263    recover_m/pixel_out_reg[15]_0[6]
    SLICE_X35Y47         FDRE                                         r  recover_m/pixel_out_reg[6]/D
  -------------------------------------------------------------------    -------------------

                         (clock clk_pixel_clk_wiz_0 rise edge)
                                                      0.000     0.000 r  
    N15                                               0.000     0.000 r  clk_100mhz (IN)
                         net (fo=0)                   0.000     0.000    mhdmicw/clk_100mhz
    N15                  IBUF (Prop_ibuf_I_O)         0.396     0.396 r  mhdmicw/clkin1_ibufg/O
                         net (fo=1, estimated)        0.547     0.943    mhdmicw/clk_ref_clk_wiz_0
    MMCME2_ADV_X0Y0      MMCME2_ADV (Prop_mmcme2_adv_CLKIN1_CLKOUT0)
                                                     -3.399    -2.456 r  mhdmicw/mmcm_adv_inst/CLKOUT0
                         net (fo=1, estimated)        0.739    -1.717    mhdmicw/clk_pixel_clk_wiz_0
    BUFGCTRL_X0Y0        BUFG (Prop_bufg_I_O)         0.029    -1.688 r  mhdmicw/clkout1_buf/O
                         net (fo=1127, estimated)     0.833    -0.855    recover_m/clk_pixel
    SLICE_X35Y47         FDRE                                         r  recover_m/pixel_out_reg[6]/C
                         clock pessimism              0.518    -0.337    
    SLICE_X35Y47         FDRE (Hold_fdre_C_D)         0.070    -0.267    recover_m/pixel_out_reg[6]
  -------------------------------------------------------------------
                         required time                          0.267    
                         arrival time                          -0.263    
  -------------------------------------------------------------------
                         slack                                  0.004    





Pulse Width Checks
--------------------------------------------------------------------------------------
Clock Name:         clk_pixel_clk_wiz_0
Waveform(ns):       { 0.000 6.734 }
Period(ns):         13.468
Sources:            { mhdmicw/mmcm_adv_inst/CLKOUT0 }

Check Type        Corner  Lib Pin             Reference Pin  Required(ns)  Actual(ns)  Slack(ns)  Location         Pin
Min Period        n/a     RAMB36E1/CLKARDCLK  n/a            3.363         13.468      10.105     RAMB36_X2Y6      frame_buffer/BRAM_reg_0_0/CLKARDCLK
Max Period        n/a     MMCME2_ADV/CLKOUT0  n/a            213.360       13.468      199.892    MMCME2_ADV_X0Y0  mhdmicw/mmcm_adv_inst/CLKOUT0
Low Pulse Width   Slow    SRL16E/CLK          n/a            0.980         6.734       5.754      SLICE_X14Y15     nolabel_line385/buffer_reg[55]_srl3___nolabel_line499_buffer_reg_r_1/CLK
High Pulse Width  Slow    SRL16E/CLK          n/a            0.980         6.734       5.754      SLICE_X14Y15     nolabel_line385/buffer_reg[55]_srl3___nolabel_line499_buffer_reg_r_1/CLK



---------------------------------------------------------------------------------------------------
From Clock:  clk_tmds_clk_wiz_0
  To Clock:  clk_tmds_clk_wiz_0

Setup :           NA  Failing Endpoints,  Worst Slack           NA  ,  Total Violation           NA
Hold  :           NA  Failing Endpoints,  Worst Slack           NA  ,  Total Violation           NA
PW    :            0  Failing Endpoints,  Worst Slack        0.538ns,  Total Violation        0.000ns
---------------------------------------------------------------------------------------------------


Pulse Width Checks
--------------------------------------------------------------------------------------
Clock Name:         clk_tmds_clk_wiz_0
Waveform(ns):       { 0.000 1.347 }
Period(ns):         2.694
Sources:            { mhdmicw/mmcm_adv_inst/CLKOUT1 }

Check Type  Corner  Lib Pin             Reference Pin  Required(ns)  Actual(ns)  Slack(ns)  Location         Pin
Min Period  n/a     BUFG/I              n/a            2.155         2.694       0.538      BUFGCTRL_X0Y1    mhdmicw/clkout2_buf/I
Max Period  n/a     MMCME2_ADV/CLKOUT1  n/a            213.360       2.694       210.666    MMCME2_ADV_X0Y0  mhdmicw/mmcm_adv_inst/CLKOUT1



---------------------------------------------------------------------------------------------------
From Clock:  clkfbout_clk_wiz_0
  To Clock:  clkfbout_clk_wiz_0

Setup :           NA  Failing Endpoints,  Worst Slack           NA  ,  Total Violation           NA
Hold  :           NA  Failing Endpoints,  Worst Slack           NA  ,  Total Violation           NA
PW    :            0  Failing Endpoints,  Worst Slack       47.845ns,  Total Violation        0.000ns
---------------------------------------------------------------------------------------------------


Pulse Width Checks
--------------------------------------------------------------------------------------
Clock Name:         clkfbout_clk_wiz_0
Waveform(ns):       { 0.000 25.000 }
Period(ns):         50.000
Sources:            { mhdmicw/mmcm_adv_inst/CLKFBOUT }

Check Type  Corner  Lib Pin             Reference Pin  Required(ns)  Actual(ns)  Slack(ns)  Location         Pin
Min Period  n/a     BUFG/I              n/a            2.155         50.000      47.845     BUFGCTRL_X0Y2    mhdmicw/clkf_buf/I
Max Period  n/a     MMCME2_ADV/CLKFBIN  n/a            100.000       50.000      50.000     MMCME2_ADV_X0Y0  mhdmicw/mmcm_adv_inst/CLKFBIN



