Copyright 1986-2022 Xilinx, Inc. All Rights Reserved. Copyright 2022-2023 Advanced Micro Devices, Inc. All Rights Reserved.
---------------------------------------------------------------------------------------------------------------------------------------------
| Tool Version : Vivado v.2023.1 (lin64) Build 3865809 Sun May  7 15:04:56 MDT 2023
| Date         : Wed Dec 13 21:03:55 2023
| Host         : worker running 64-bit Ubuntu 20.04.6 LTS
| Command      : report_timing -file obj/post_route_timing.rpt
| Design       : top_level
| Device       : 7s50-csga324
| Speed File   : -1  PRODUCTION 1.23 2018-06-13
| Design State : Routed
---------------------------------------------------------------------------------------------------------------------------------------------

Timing Report

Slack (MET) :             6.089ns  (required time - arrival time)
  Source:                 nolabel_line27/counter_reg[7]/C
                            (rising edge-triggered cell FDRE clocked by gclk  {rise@0.000ns fall@4.000ns period=10.000ns})
  Destination:            nolabel_line27/counter_reg[16]/R
                            (rising edge-triggered cell FDRE clocked by gclk  {rise@0.000ns fall@4.000ns period=10.000ns})
  Path Group:             gclk
  Path Type:              Setup (Max at Slow Process Corner)
  Requirement:            10.000ns  (gclk rise@10.000ns - gclk rise@0.000ns)
  Data Path Delay:        3.423ns  (logic 0.704ns (20.564%)  route 2.719ns (79.436%))
  Logic Levels:           2  (LUT5=1 LUT6=1)
  Clock Path Skew:        -0.023ns (DCD - SCD + CPR)
    Destination Clock Delay (DCD):    4.836ns = ( 14.836 - 10.000 ) 
    Source Clock Delay      (SCD):    5.130ns
    Clock Pessimism Removal (CPR):    0.271ns
  Clock Uncertainty:      0.035ns  ((TSJ^2 + TIJ^2)^1/2 + DJ) / 2 + PE
    Total System Jitter     (TSJ):    0.071ns
    Total Input Jitter      (TIJ):    0.000ns
    Discrete Jitter          (DJ):    0.000ns
    Phase Error              (PE):    0.000ns

    Location             Delay type                Incr(ns)  Path(ns)    Netlist Resource(s)
  -------------------------------------------------------------------    -------------------
                         (clock gclk rise edge)       0.000     0.000 r  
    N15                                               0.000     0.000 r  clk_100mhz (IN)
                         net (fo=0)                   0.000     0.000    clk_100mhz
    N15                  IBUF (Prop_ibuf_I_O)         1.440     1.440 r  clk_100mhz_IBUF_inst/O
                         net (fo=1, routed)           1.972     3.412    clk_100mhz_IBUF
    BUFGCTRL_X0Y0        BUFG (Prop_bufg_I_O)         0.096     3.508 r  clk_100mhz_IBUF_BUFG_inst/O
                         net (fo=23, routed)          1.622     5.130    nolabel_line27/clk_100mhz_IBUF_BUFG
    SLICE_X0Y87          FDRE                                         r  nolabel_line27/counter_reg[7]/C
  -------------------------------------------------------------------    -------------------
    SLICE_X0Y87          FDRE (Prop_fdre_C_Q)         0.456     5.586 f  nolabel_line27/counter_reg[7]/Q
                         net (fo=2, routed)           1.253     6.838    nolabel_line27/counter_reg[7]
    SLICE_X1Y88          LUT6 (Prop_lut6_I3_O)        0.124     6.962 r  nolabel_line27/counter[0]_i_5/O
                         net (fo=1, routed)           0.799     7.762    nolabel_line27/counter[0]_i_5_n_0
    SLICE_X1Y87          LUT5 (Prop_lut5_I3_O)        0.124     7.886 r  nolabel_line27/counter[0]_i_1__0/O
                         net (fo=20, routed)          0.668     8.553    nolabel_line27/current0
    SLICE_X0Y90          FDRE                                         r  nolabel_line27/counter_reg[16]/R
  -------------------------------------------------------------------    -------------------

                         (clock gclk rise edge)      10.000    10.000 r  
    N15                                               0.000    10.000 r  clk_100mhz (IN)
                         net (fo=0)                   0.000    10.000    clk_100mhz
    N15                  IBUF (Prop_ibuf_I_O)         1.370    11.370 r  clk_100mhz_IBUF_inst/O
                         net (fo=1, routed)           1.868    13.238    clk_100mhz_IBUF
    BUFGCTRL_X0Y0        BUFG (Prop_bufg_I_O)         0.091    13.329 r  clk_100mhz_IBUF_BUFG_inst/O
                         net (fo=23, routed)          1.507    14.836    nolabel_line27/clk_100mhz_IBUF_BUFG
    SLICE_X0Y90          FDRE                                         r  nolabel_line27/counter_reg[16]/C
                         clock pessimism              0.271    15.107    
                         clock uncertainty           -0.035    15.071    
    SLICE_X0Y90          FDRE (Setup_fdre_C_R)       -0.429    14.642    nolabel_line27/counter_reg[16]
  -------------------------------------------------------------------
                         required time                         14.642    
                         arrival time                          -8.553    
  -------------------------------------------------------------------
                         slack                                  6.089    




