Copyright 1986-2022 Xilinx, Inc. All Rights Reserved. Copyright 2022-2023 Advanced Micro Devices, Inc. All Rights Reserved.
---------------------------------------------------------------------------------------------------------------------------------------------
| Tool Version : Vivado v.2023.1 (lin64) Build 3865809 Sun May  7 15:04:56 MDT 2023
| Date         : Wed Dec 13 21:03:40 2023
| Host         : worker running 64-bit Ubuntu 20.04.6 LTS
| Command      : report_timing -file obj/post_place_timing.rpt
| Design       : top_level
| Device       : 7s50-csga324
| Speed File   : -1  PRODUCTION 1.23 2018-06-13
| Design State : Fully Placed
---------------------------------------------------------------------------------------------------------------------------------------------

Timing Report

Slack (MET) :             6.521ns  (required time - arrival time)
  Source:                 nolabel_line27/counter_reg[3]/C
                            (rising edge-triggered cell FDRE clocked by gclk  {rise@0.000ns fall@4.000ns period=10.000ns})
  Destination:            nolabel_line27/counter_reg[16]/R
                            (rising edge-triggered cell FDRE clocked by gclk  {rise@0.000ns fall@4.000ns period=10.000ns})
  Path Group:             gclk
  Path Type:              Setup (Max at Slow Process Corner)
  Requirement:            10.000ns  (gclk rise@10.000ns - gclk rise@0.000ns)
  Data Path Delay:        2.993ns  (logic 0.704ns (23.522%)  route 2.289ns (76.478%))
  Logic Levels:           2  (LUT5=1 LUT6=1)
  Clock Path Skew:        -0.022ns (DCD - SCD + CPR)
    Destination Clock Delay (DCD):    4.838ns = ( 14.838 - 10.000 ) 
    Source Clock Delay      (SCD):    5.127ns
    Clock Pessimism Removal (CPR):    0.268ns
  Clock Uncertainty:      0.035ns  ((TSJ^2 + TIJ^2)^1/2 + DJ) / 2 + PE
    Total System Jitter     (TSJ):    0.071ns
    Total Input Jitter      (TIJ):    0.000ns
    Discrete Jitter          (DJ):    0.000ns
    Phase Error              (PE):    0.000ns

    Location             Delay type                Incr(ns)  Path(ns)    Netlist Resource(s)
  -------------------------------------------------------------------    -------------------
                         (clock gclk rise edge)       0.000     0.000 r  
    N15                                               0.000     0.000 r  clk_100mhz (IN)
                         net (fo=0)                   0.000     0.000    clk_100mhz
    N15                  IBUF (Prop_ibuf_I_O)         1.440     1.440 r  clk_100mhz_IBUF_inst/O
                         net (fo=1, estimated)        1.972     3.412    clk_100mhz_IBUF
    BUFGCTRL_X0Y0        BUFG (Prop_bufg_I_O)         0.096     3.508 r  clk_100mhz_IBUF_BUFG_inst/O
                         net (fo=23, estimated)       1.619     5.127    nolabel_line27/clk_100mhz_IBUF_BUFG
    SLICE_X0Y86          FDRE                                         r  nolabel_line27/counter_reg[3]/C
  -------------------------------------------------------------------    -------------------
    SLICE_X0Y86          FDRE (Prop_fdre_C_Q)         0.456     5.583 r  nolabel_line27/counter_reg[3]/Q
                         net (fo=2, estimated)        1.011     6.594    nolabel_line27/counter_reg[3]
    SLICE_X1Y87          LUT6 (Prop_lut6_I0_O)        0.124     6.718 r  nolabel_line27/counter[0]_i_4/O
                         net (fo=1, estimated)        0.593     7.311    nolabel_line27/counter[0]_i_4_n_0
    SLICE_X1Y87          LUT5 (Prop_lut5_I2_O)        0.124     7.435 r  nolabel_line27/counter[0]_i_1__0/O
                         net (fo=20, estimated)       0.685     8.120    nolabel_line27/current0
    SLICE_X0Y90          FDRE                                         r  nolabel_line27/counter_reg[16]/R
  -------------------------------------------------------------------    -------------------

                         (clock gclk rise edge)      10.000    10.000 r  
    N15                                               0.000    10.000 r  clk_100mhz (IN)
                         net (fo=0)                   0.000    10.000    clk_100mhz
    N15                  IBUF (Prop_ibuf_I_O)         1.370    11.370 r  clk_100mhz_IBUF_inst/O
                         net (fo=1, estimated)        1.873    13.244    clk_100mhz_IBUF
    BUFGCTRL_X0Y0        BUFG (Prop_bufg_I_O)         0.091    13.335 r  clk_100mhz_IBUF_BUFG_inst/O
                         net (fo=23, estimated)       1.503    14.838    nolabel_line27/clk_100mhz_IBUF_BUFG
    SLICE_X0Y90          FDRE                                         r  nolabel_line27/counter_reg[16]/C
                         clock pessimism              0.268    15.105    
                         clock uncertainty           -0.035    15.070    
    SLICE_X0Y90          FDRE (Setup_fdre_C_R)       -0.429    14.641    nolabel_line27/counter_reg[16]
  -------------------------------------------------------------------
                         required time                         14.641    
                         arrival time                          -8.120    
  -------------------------------------------------------------------
                         slack                                  6.521    




