Copyright 1986-2022 Xilinx, Inc. All Rights Reserved. Copyright 2022-2023 Advanced Micro Devices, Inc. All Rights Reserved.
---------------------------------------------------------------------------------------------------------------------------------------------
| Tool Version : Vivado v.2023.1 (lin64) Build 3865809 Sun May  7 15:04:56 MDT 2023
| Date         : Fri Dec 15 00:07:01 2023
| Host         : worker running 64-bit Ubuntu 20.04.6 LTS
| Command      : report_timing_summary -file obj/post_place_timing_summary.rpt
| Design       : top_level
| Device       : 7s50-csga324
| Speed File   : -1  PRODUCTION 1.23 2018-06-13
| Design State : Fully Placed
---------------------------------------------------------------------------------------------------------------------------------------------

Timing Summary Report

------------------------------------------------------------------------------------------------
| Timer Settings
| --------------
------------------------------------------------------------------------------------------------

  Enable Multi Corner Analysis               :  Yes
  Enable Pessimism Removal                   :  Yes
  Pessimism Removal Resolution               :  Nearest Common Node
  Enable Input Delay Default Clock           :  No
  Enable Preset / Clear Arcs                 :  No
  Disable Flight Delays                      :  No
  Ignore I/O Paths                           :  No
  Timing Early Launch at Borrowing Latches   :  No
  Borrow Time for Max Delay Exceptions       :  Yes
  Merge Timing Exceptions                    :  Yes

  Corner  Analyze    Analyze    
  Name    Max Paths  Min Paths  
  ------  ---------  ---------  
  Slow    Yes        Yes        
  Fast    Yes        Yes        


------------------------------------------------------------------------------------------------
| Report Methodology
| ------------------
------------------------------------------------------------------------------------------------

No report available as report_methodology has not been run prior. Run report_methodology on the current design for the summary of methodology violations.



check_timing report

Table of Contents
-----------------
1. checking no_clock (0)
2. checking constant_clock (0)
3. checking pulse_width_clock (0)
4. checking unconstrained_internal_endpoints (0)
5. checking no_input_delay (3)
6. checking no_output_delay (13)
7. checking multiple_clock (0)
8. checking generated_clocks (0)
9. checking loops (0)
10. checking partial_input_delay (0)
11. checking partial_output_delay (0)
12. checking latch_loops (0)

1. checking no_clock (0)
------------------------
 There are 0 register/latch pins with no clock.


2. checking constant_clock (0)
------------------------------
 There are 0 register/latch pins with constant_clock.


3. checking pulse_width_clock (0)
---------------------------------
 There are 0 register/latch pins which need pulse_width check


4. checking unconstrained_internal_endpoints (0)
------------------------------------------------
 There are 0 pins that are not constrained for maximum delay.

 There are 0 pins that are not constrained for maximum delay due to constant clock.


5. checking no_input_delay (3)
------------------------------
 There are 3 input ports with no input delay specified. (HIGH)

 There are 0 input ports with no input delay but user has a false path constraint.


6. checking no_output_delay (13)
--------------------------------
 There are 13 ports with no output delay specified. (HIGH)

 There are 0 ports with no output delay but user has a false path constraint

 There are 0 ports with no output delay but with a timing clock defined on it or propagating through it


7. checking multiple_clock (0)
------------------------------
 There are 0 register/latch pins with multiple clocks.


8. checking generated_clocks (0)
--------------------------------
 There are 0 generated clocks that are not connected to a clock source.


9. checking loops (0)
---------------------
 There are 0 combinational loops in the design.


10. checking partial_input_delay (0)
------------------------------------
 There are 0 input ports with partial input delay specified.


11. checking partial_output_delay (0)
-------------------------------------
 There are 0 ports with partial output delay specified.


12. checking latch_loops (0)
----------------------------
 There are 0 combinational latch loops in the design through latch input



------------------------------------------------------------------------------------------------
| Design Timing Summary
| ---------------------
------------------------------------------------------------------------------------------------

    WNS(ns)      TNS(ns)  TNS Failing Endpoints  TNS Total Endpoints      WHS(ns)      THS(ns)  THS Failing Endpoints  THS Total Endpoints     WPWS(ns)     TPWS(ns)  TPWS Failing Endpoints  TPWS Total Endpoints  
    -------      -------  ---------------------  -------------------      -------      -------  ---------------------  -------------------     --------     --------  ----------------------  --------------------  
      0.523        0.000                      0                 6238       -0.042       -0.067                      4                 6238        3.500        0.000                       0                  2938  


Timing constraints are not met.


------------------------------------------------------------------------------------------------
| Clock Summary
| -------------
------------------------------------------------------------------------------------------------

Clock  Waveform(ns)       Period(ns)      Frequency(MHz)
-----  ------------       ----------      --------------
gclk   {0.000 4.000}      10.000          100.000         


------------------------------------------------------------------------------------------------
| Intra Clock Table
| -----------------
------------------------------------------------------------------------------------------------

Clock             WNS(ns)      TNS(ns)  TNS Failing Endpoints  TNS Total Endpoints      WHS(ns)      THS(ns)  THS Failing Endpoints  THS Total Endpoints     WPWS(ns)     TPWS(ns)  TPWS Failing Endpoints  TPWS Total Endpoints  
-----             -------      -------  ---------------------  -------------------      -------      -------  ---------------------  -------------------     --------     --------  ----------------------  --------------------  
gclk                0.523        0.000                      0                 6238       -0.042       -0.067                      4                 6238        3.500        0.000                       0                  2938  


------------------------------------------------------------------------------------------------
| Inter Clock Table
| -----------------
------------------------------------------------------------------------------------------------

From Clock    To Clock          WNS(ns)      TNS(ns)  TNS Failing Endpoints  TNS Total Endpoints      WHS(ns)      THS(ns)  THS Failing Endpoints  THS Total Endpoints  
----------    --------          -------      -------  ---------------------  -------------------      -------      -------  ---------------------  -------------------  


------------------------------------------------------------------------------------------------
| Other Path Groups Table
| -----------------------
------------------------------------------------------------------------------------------------

Path Group    From Clock    To Clock          WNS(ns)      TNS(ns)  TNS Failing Endpoints  TNS Total Endpoints      WHS(ns)      THS(ns)  THS Failing Endpoints  THS Total Endpoints  
----------    ----------    --------          -------      -------  ---------------------  -------------------      -------      -------  ---------------------  -------------------  


------------------------------------------------------------------------------------------------
| Timing Details
| --------------
------------------------------------------------------------------------------------------------


---------------------------------------------------------------------------------------------------
From Clock:  gclk
  To Clock:  gclk

Setup :            0  Failing Endpoints,  Worst Slack        0.523ns,  Total Violation        0.000ns
Hold  :            4  Failing Endpoints,  Worst Slack       -0.042ns,  Total Violation       -0.067ns
PW    :            0  Failing Endpoints,  Worst Slack        3.500ns,  Total Violation        0.000ns
---------------------------------------------------------------------------------------------------


Max Delay Paths
--------------------------------------------------------------------------------------
Slack (MET) :             0.523ns  (required time - arrival time)
  Source:                 current_left_y_reg[1]/C
                            (rising edge-triggered cell FDRE clocked by gclk  {rise@0.000ns fall@4.000ns period=10.000ns})
  Destination:            inst_update/left_address_reg[12]/D
                            (rising edge-triggered cell FDRE clocked by gclk  {rise@0.000ns fall@4.000ns period=10.000ns})
  Path Group:             gclk
  Path Type:              Setup (Max at Slow Process Corner)
  Requirement:            10.000ns  (gclk rise@10.000ns - gclk rise@0.000ns)
  Data Path Delay:        9.480ns  (logic 7.007ns (73.914%)  route 2.473ns (26.087%))
  Logic Levels:           8  (CARRY4=5 DSP48E1=1 LUT2=1 LUT5=1)
  Clock Path Skew:        -0.039ns (DCD - SCD + CPR)
    Destination Clock Delay (DCD):    4.772ns = ( 14.772 - 10.000 ) 
    Source Clock Delay      (SCD):    5.064ns
    Clock Pessimism Removal (CPR):    0.254ns
  Clock Uncertainty:      0.035ns  ((TSJ^2 + TIJ^2)^1/2 + DJ) / 2 + PE
    Total System Jitter     (TSJ):    0.071ns
    Total Input Jitter      (TIJ):    0.000ns
    Discrete Jitter          (DJ):    0.000ns
    Phase Error              (PE):    0.000ns

    Location             Delay type                Incr(ns)  Path(ns)    Netlist Resource(s)
  -------------------------------------------------------------------    -------------------
                         (clock gclk rise edge)       0.000     0.000 r  
    N15                                               0.000     0.000 r  clk_100mhz (IN)
                         net (fo=0)                   0.000     0.000    clk_100mhz
    N15                  IBUF (Prop_ibuf_I_O)         1.440     1.440 r  clk_100mhz_IBUF_inst/O
                         net (fo=1, estimated)        1.972     3.412    clk_100mhz_IBUF
    BUFGCTRL_X0Y0        BUFG (Prop_bufg_I_O)         0.096     3.508 r  clk_100mhz_IBUF_BUFG_inst/O
                         net (fo=2941, estimated)     1.556     5.064    clk_100mhz_IBUF_BUFG
    SLICE_X13Y51         FDRE                                         r  current_left_y_reg[1]/C
  -------------------------------------------------------------------    -------------------
    SLICE_X13Y51         FDRE (Prop_fdre_C_Q)         0.419     5.483 r  current_left_y_reg[1]/Q
                         net (fo=10, estimated)       0.626     6.109    inst_update/left_address1_0[1]
    SLICE_X12Y50         LUT2 (Prop_lut2_I0_O)        0.299     6.408 r  inst_update/left_address0_i_18/O
                         net (fo=1, routed)           0.000     6.408    inst_update/left_address0_i_18_n_0
    SLICE_X12Y50         CARRY4 (Prop_carry4_S[1]_CO[3])
                                                      0.533     6.941 r  inst_update/left_address0_i_4/CO[3]
                         net (fo=1, estimated)        0.000     6.941    inst_update/left_address0_i_4_n_0
    SLICE_X12Y51         CARRY4 (Prop_carry4_CI_CO[3])
                                                      0.117     7.058 r  inst_update/left_address0_i_3/CO[3]
                         net (fo=1, estimated)        0.000     7.058    inst_update/left_address0_i_3_n_0
    SLICE_X12Y52         CARRY4 (Prop_carry4_CI_O[1])
                                                      0.323     7.381 r  inst_update/left_address0_i_2/O[1]
                         net (fo=2, estimated)        0.606     7.987    inst_update/A[9]
    DSP48_X0Y21          DSP48E1 (Prop_dsp48e1_A[9]_P[6])
                                                      4.023    12.010 r  inst_update/left_address1/P[6]
                         net (fo=2, estimated)        0.794    12.804    inst_update/left_address1_n_99
    SLICE_X11Y51         CARRY4 (Prop_carry4_S[1]_CO[3])
                                                      0.674    13.478 r  inst_update/left_address0_carry__0/CO[3]
                         net (fo=1, estimated)        0.000    13.478    inst_update/left_address0_carry__0_n_0
    SLICE_X11Y52         CARRY4 (Prop_carry4_CI_O[3])
                                                      0.313    13.791 r  inst_update/left_address0_carry__1/O[3]
                         net (fo=1, estimated)        0.447    14.238    inst_update/left_address0__0[12]
    SLICE_X10Y53         LUT5 (Prop_lut5_I0_O)        0.306    14.544 r  inst_update/left_address[12]_i_1/O
                         net (fo=1, routed)           0.000    14.544    inst_update/p_1_in[12]
    SLICE_X10Y53         FDRE                                         r  inst_update/left_address_reg[12]/D
  -------------------------------------------------------------------    -------------------

                         (clock gclk rise edge)      10.000    10.000 r  
    N15                                               0.000    10.000 r  clk_100mhz (IN)
                         net (fo=0)                   0.000    10.000    clk_100mhz
    N15                  IBUF (Prop_ibuf_I_O)         1.370    11.370 r  clk_100mhz_IBUF_inst/O
                         net (fo=1, estimated)        1.873    13.244    clk_100mhz_IBUF
    BUFGCTRL_X0Y0        BUFG (Prop_bufg_I_O)         0.091    13.335 r  clk_100mhz_IBUF_BUFG_inst/O
                         net (fo=2941, estimated)     1.437    14.772    inst_update/clk_100mhz_IBUF_BUFG
    SLICE_X10Y53         FDRE                                         r  inst_update/left_address_reg[12]/C
                         clock pessimism              0.254    15.025    
                         clock uncertainty           -0.035    14.990    
    SLICE_X10Y53         FDRE (Setup_fdre_C_D)        0.077    15.067    inst_update/left_address_reg[12]
  -------------------------------------------------------------------
                         required time                         15.067    
                         arrival time                         -14.544    
  -------------------------------------------------------------------
                         slack                                  0.523    





Min Delay Paths
--------------------------------------------------------------------------------------
Slack (VIOLATED) :        -0.042ns  (arrival time - required time)
  Source:                 inst_update/left_address_reg[8]/C
                            (rising edge-triggered cell FDRE clocked by gclk  {rise@0.000ns fall@4.000ns period=10.000ns})
  Destination:            left_frame_buffer/BRAM_reg_10/ADDRARDADDR[9]
                            (rising edge-triggered cell RAMB36E1 clocked by gclk  {rise@0.000ns fall@4.000ns period=10.000ns})
  Path Group:             gclk
  Path Type:              Hold (Min at Fast Process Corner)
  Requirement:            0.000ns  (gclk rise@0.000ns - gclk rise@0.000ns)
  Data Path Delay:        0.459ns  (logic 0.164ns (35.725%)  route 0.295ns (64.275%))
  Logic Levels:           0  
  Clock Path Skew:        0.318ns (DCD - SCD - CPR)
    Destination Clock Delay (DCD):    2.180ns
    Source Clock Delay      (SCD):    1.628ns
    Clock Pessimism Removal (CPR):    0.234ns

    Location             Delay type                Incr(ns)  Path(ns)    Netlist Resource(s)
  -------------------------------------------------------------------    -------------------
                         (clock gclk rise edge)       0.000     0.000 r  
    N15                                               0.000     0.000 r  clk_100mhz (IN)
                         net (fo=0)                   0.000     0.000    clk_100mhz
    N15                  IBUF (Prop_ibuf_I_O)         0.209     0.209 r  clk_100mhz_IBUF_inst/O
                         net (fo=1, estimated)        0.831     1.040    clk_100mhz_IBUF
    BUFGCTRL_X0Y0        BUFG (Prop_bufg_I_O)         0.026     1.066 r  clk_100mhz_IBUF_BUFG_inst/O
                         net (fo=2941, estimated)     0.562     1.628    inst_update/clk_100mhz_IBUF_BUFG
    SLICE_X10Y51         FDRE                                         r  inst_update/left_address_reg[8]/C
  -------------------------------------------------------------------    -------------------
    SLICE_X10Y51         FDRE (Prop_fdre_C_Q)         0.164     1.792 r  inst_update/left_address_reg[8]/Q
                         net (fo=24, estimated)       0.295     2.087    left_frame_buffer/BRAM_reg_23_0[8]
    RAMB36_X0Y9          RAMB36E1                                     r  left_frame_buffer/BRAM_reg_10/ADDRARDADDR[9]
  -------------------------------------------------------------------    -------------------

                         (clock gclk rise edge)       0.000     0.000 r  
    N15                                               0.000     0.000 r  clk_100mhz (IN)
                         net (fo=0)                   0.000     0.000    clk_100mhz
    N15                  IBUF (Prop_ibuf_I_O)         0.396     0.396 r  clk_100mhz_IBUF_inst/O
                         net (fo=1, estimated)        0.875     1.271    clk_100mhz_IBUF
    BUFGCTRL_X0Y0        BUFG (Prop_bufg_I_O)         0.029     1.300 r  clk_100mhz_IBUF_BUFG_inst/O
                         net (fo=2941, estimated)     0.880     2.180    left_frame_buffer/clk_100mhz_IBUF_BUFG
    RAMB36_X0Y9          RAMB36E1                                     r  left_frame_buffer/BRAM_reg_10/CLKARDCLK
                         clock pessimism             -0.234     1.946    
    RAMB36_X0Y9          RAMB36E1 (Hold_ramb36e1_CLKARDCLK_ADDRARDADDR[9])
                                                      0.183     2.129    left_frame_buffer/BRAM_reg_10
  -------------------------------------------------------------------
                         required time                         -2.129    
                         arrival time                           2.087    
  -------------------------------------------------------------------
                         slack                                 -0.042    





Pulse Width Checks
--------------------------------------------------------------------------------------
Clock Name:         gclk
Waveform(ns):       { 0.000 4.000 }
Period(ns):         10.000
Sources:            { clk_100mhz }

Check Type        Corner  Lib Pin      Reference Pin  Required(ns)  Actual(ns)  Slack(ns)  Location      Pin
Min Period        n/a     DSP48E1/CLK  n/a            3.884         10.000      6.116      DSP48_X0Y28   ssd_addr_reg/CLK
Low Pulse Width   Slow    FDRE/C       n/a            0.500         6.000       5.500      SLICE_X34Y78  SAVE_counter_reg[0]/C
High Pulse Width  Slow    FDRE/C       n/a            0.500         4.000       3.500      SLICE_X34Y78  SAVE_counter_reg[0]/C



