Copyright 1986-2022 Xilinx, Inc. All Rights Reserved. Copyright 2022-2023 Advanced Micro Devices, Inc. All Rights Reserved.
---------------------------------------------------------------------------------------------------------------------------------------------
| Tool Version : Vivado v.2023.1 (lin64) Build 3865809 Sun May  7 15:04:56 MDT 2023
| Date         : Tue Dec 12 21:07:17 2023
| Host         : worker running 64-bit Ubuntu 20.04.6 LTS
| Command      : report_timing -file obj/post_synth_timing.rpt
| Design       : top_level
| Device       : 7s50-csga324
| Speed File   : -1  PRODUCTION 1.23 2018-06-13
| Design State : Synthesized
---------------------------------------------------------------------------------------------------------------------------------------------

Timing Report

Slack (VIOLATED) :        -15.480ns  (required time - arrival time)
  Source:                 inst_ssd/right_smac_input_reg[4][1]/C
                            (rising edge-triggered cell FDRE clocked by gclk  {rise@0.000ns fall@4.000ns period=10.000ns})
  Destination:            min_ssd_sofar_reg[0]/S
                            (rising edge-triggered cell FDSE clocked by gclk  {rise@0.000ns fall@4.000ns period=10.000ns})
  Path Group:             gclk
  Path Type:              Setup (Max at Slow Process Corner)
  Requirement:            10.000ns  (gclk rise@10.000ns - gclk rise@0.000ns)
  Data Path Delay:        24.867ns  (logic 10.860ns (43.672%)  route 14.007ns (56.328%))
  Logic Levels:           29  (CARRY4=15 LUT2=3 LUT3=3 LUT4=3 LUT5=2 LUT6=3)
  Clock Path Skew:        -0.145ns (DCD - SCD + CPR)
    Destination Clock Delay (DCD):    2.660ns = ( 12.660 - 10.000 ) 
    Source Clock Delay      (SCD):    2.920ns
    Clock Pessimism Removal (CPR):    0.115ns
  Clock Uncertainty:      0.035ns  ((TSJ^2 + TIJ^2)^1/2 + DJ) / 2 + PE
    Total System Jitter     (TSJ):    0.071ns
    Total Input Jitter      (TIJ):    0.000ns
    Discrete Jitter          (DJ):    0.000ns
    Phase Error              (PE):    0.000ns

    Location             Delay type                Incr(ns)  Path(ns)    Netlist Resource(s)
  -------------------------------------------------------------------    -------------------
                         (clock gclk rise edge)       0.000     0.000 r  
    N15                                               0.000     0.000 r  clk_100mhz (IN)
                         net (fo=0)                   0.000     0.000    clk_100mhz
    N15                  IBUF (Prop_ibuf_I_O)         1.440     1.440 r  clk_100mhz_IBUF_inst/O
                         net (fo=1, unplaced)         0.800     2.240    clk_100mhz_IBUF
                         BUFG (Prop_bufg_I_O)         0.096     2.336 r  clk_100mhz_IBUF_BUFG_inst/O
                         net (fo=1931, unplaced)      0.584     2.920    inst_ssd/clk_100mhz_IBUF_BUFG
                         FDRE                                         r  inst_ssd/right_smac_input_reg[4][1]/C
  -------------------------------------------------------------------    -------------------
                         FDRE (Prop_fdre_C_Q)         0.456     3.376 f  inst_ssd/right_smac_input_reg[4][1]/Q
                         net (fo=4, unplaced)         0.765     4.141    inst_ssd/right_smac_input_reg_n_0_[4][1]
                         LUT4 (Prop_lut4_I1_O)        0.321     4.462 r  inst_ssd/min_ssd_sofar[11]_i_884/O
                         net (fo=1, unplaced)         0.000     4.462    inst_ssd/min_ssd_sofar[11]_i_884_n_0
                         CARRY4 (Prop_carry4_DI[0]_CO[3])
                                                      0.553     5.015 r  inst_ssd/min_ssd_sofar_reg[11]_i_775/CO[3]
                         net (fo=7, unplaced)         0.953     5.968    inst_ssd/smac_loop[4].inst/pixel_5_diff1
                         LUT3 (Prop_lut3_I1_O)        0.118     6.086 r  inst_ssd/min_ssd_sofar[11]_i_618/O
                         net (fo=1, unplaced)         0.000     6.086    inst_ssd/min_ssd_sofar[11]_i_618_n_0
                         CARRY4 (Prop_carry4_DI[0]_O[2])
                                                      0.600     6.686 r  inst_ssd/min_ssd_sofar_reg[11]_i_453/O[2]
                         net (fo=24, unplaced)        1.178     7.864    inst_ssd/min_ssd_sofar_reg[11]_i_453_n_5
                         LUT6 (Prop_lut6_I2_O)        0.301     8.165 r  inst_ssd/min_ssd_sofar[11]_i_856/O
                         net (fo=2, unplaced)         0.650     8.815    inst_ssd/min_ssd_sofar[11]_i_856_n_0
                         CARRY4 (Prop_carry4_DI[1]_O[3])
                                                      0.614     9.429 r  inst_ssd/min_ssd_sofar_reg[11]_i_762/O[3]
                         net (fo=3, unplaced)         0.636    10.065    inst_ssd/min_ssd_sofar_reg[11]_i_762_n_4
                         LUT4 (Prop_lut4_I1_O)        0.307    10.372 r  inst_ssd/min_ssd_sofar[21]_i_1474/O
                         net (fo=4, unplaced)         0.473    10.845    inst_ssd/min_ssd_sofar[21]_i_1474_n_0
                         LUT6 (Prop_lut6_I0_O)        0.124    10.969 r  inst_ssd/min_ssd_sofar[21]_i_1192/O
                         net (fo=1, unplaced)         0.639    11.608    inst_ssd/min_ssd_sofar[21]_i_1192_n_0
                         CARRY4 (Prop_carry4_DI[1]_CO[3])
                                                      0.507    12.115 r  inst_ssd/min_ssd_sofar_reg[21]_i_856/CO[3]
                         net (fo=1, unplaced)         0.000    12.115    inst_ssd/min_ssd_sofar_reg[21]_i_856_n_0
                         CARRY4 (Prop_carry4_CI_O[0])
                                                      0.235    12.350 r  inst_ssd/min_ssd_sofar_reg[21]_i_575/O[0]
                         net (fo=2, unplaced)         0.481    12.831    inst_ssd/smac_loop[4].inst/accumulator0[11]
                         LUT2 (Prop_lut2_I0_O)        0.295    13.126 r  inst_ssd/min_ssd_sofar[21]_i_859/O
                         net (fo=1, unplaced)         0.000    13.126    inst_ssd/min_ssd_sofar[21]_i_859_n_0
                         CARRY4 (Prop_carry4_S[1]_O[3])
                                                      0.640    13.766 r  inst_ssd/min_ssd_sofar_reg[21]_i_573/O[3]
                         net (fo=1, unplaced)         0.618    14.384    inst_ssd/min_ssd_sofar_reg[21]_i_573_n_4
                         LUT2 (Prop_lut2_I1_O)        0.307    14.691 r  inst_ssd/min_ssd_sofar[21]_i_571/O
                         net (fo=1, unplaced)         0.000    14.691    inst_ssd/min_ssd_sofar[21]_i_571_n_0
                         CARRY4 (Prop_carry4_S[1]_O[3])
                                                      0.640    15.331 r  inst_ssd/min_ssd_sofar_reg[21]_i_315/O[3]
                         net (fo=1, unplaced)         0.618    15.949    inst_ssd/min_ssd_sofar_reg[21]_i_315_n_4
                         LUT2 (Prop_lut2_I1_O)        0.307    16.256 r  inst_ssd/min_ssd_sofar[21]_i_311/O
                         net (fo=1, unplaced)         0.000    16.256    inst_ssd/min_ssd_sofar[21]_i_311_n_0
                         CARRY4 (Prop_carry4_S[3]_CO[3])
                                                      0.401    16.657 r  inst_ssd/min_ssd_sofar_reg[21]_i_171/CO[3]
                         net (fo=1, unplaced)         0.000    16.657    inst_ssd/min_ssd_sofar_reg[21]_i_171_n_0
                         CARRY4 (Prop_carry4_CI_O[0])
                                                      0.235    16.892 r  inst_ssd/min_ssd_sofar_reg[21]_i_97/O[0]
                         net (fo=1, unplaced)         0.666    17.558    inst_ssd/min_ssd_sofar_reg[21]_i_97_n_7
                         CARRY4 (Prop_carry4_S[0]_O[0])
                                                      0.542    18.100 r  inst_ssd/min_ssd_sofar_reg[21]_i_59/O[0]
                         net (fo=1, unplaced)         0.666    18.766    inst_ssd/smac_loop[4].inst/C[16]
                         CARRY4 (Prop_carry4_S[0]_O[0])
                                                      0.542    19.308 r  inst_ssd/min_ssd_sofar_reg[21]_i_49/O[0]
                         net (fo=3, unplaced)         0.759    20.067    inst_ssd/ssd_by_col[4]_4[16]
                         LUT3 (Prop_lut3_I0_O)        0.295    20.362 r  inst_ssd/min_ssd_sofar[21]_i_41/O
                         net (fo=1, unplaced)         0.639    21.001    inst_ssd/min_ssd_sofar[21]_i_41_n_0
                         CARRY4 (Prop_carry4_DI[1]_O[2])
                                                      0.554    21.555 r  inst_ssd/min_ssd_sofar_reg[21]_i_28/O[2]
                         net (fo=3, unplaced)         0.470    22.025    inst_ssd/min_ssd_sofar_reg[21]_i_28_n_5
                         LUT3 (Prop_lut3_I1_O)        0.301    22.326 r  inst_ssd/min_ssd_sofar[19]_i_12/O
                         net (fo=2, unplaced)         0.460    22.786    inst_ssd/min_ssd_sofar[19]_i_12_n_0
                         LUT5 (Prop_lut5_I1_O)        0.124    22.910 r  inst_ssd/min_ssd_sofar[19]_i_3/O
                         net (fo=1, unplaced)         0.473    23.383    inst_ssd/min_ssd_sofar[19]_i_3_n_0
                         CARRY4 (Prop_carry4_DI[3]_CO[3])
                                                      0.385    23.768 r  inst_ssd/min_ssd_sofar_reg[19]_i_2/CO[3]
                         net (fo=1, unplaced)         0.000    23.768    inst_ssd/min_ssd_sofar_reg[19]_i_2_n_0
                         CARRY4 (Prop_carry4_CI_CO[1])
                                                      0.178    23.946 r  inst_ssd/min_ssd_sofar_reg[21]_i_8/CO[1]
                         net (fo=3, unplaced)         0.629    24.575    inst_ssd/ssd_out[21]
                         LUT4 (Prop_lut4_I1_O)        0.332    24.907 r  inst_ssd/min_ssd_sofar[21]_i_14/O
                         net (fo=1, unplaced)         0.000    24.907    inst_ssd/min_ssd_sofar[21]_i_14_n_0
                         CARRY4 (Prop_carry4_S[2]_CO[3])
                                                      0.398    25.305 r  inst_ssd/min_ssd_sofar_reg[21]_i_7/CO[3]
                         net (fo=3, unplaced)         0.936    26.241    inst_ssd/min_ssd_sofar_reg[21]_i_7_n_0
                         LUT5 (Prop_lut5_I4_O)        0.124    26.365 r  inst_ssd/min_ssd_sofar[21]_i_5/O
                         net (fo=2, unplaced)         0.460    26.825    inst_ssd/min_ssd_sofar[21]_i_5_n_0
                         LUT6 (Prop_lut6_I1_O)        0.124    26.949 r  inst_ssd/min_ssd_sofar[21]_i_1/O
                         net (fo=22, unplaced)        0.838    27.787    inst_ssd_n_6
                         FDSE                                         r  min_ssd_sofar_reg[0]/S
  -------------------------------------------------------------------    -------------------

                         (clock gclk rise edge)      10.000    10.000 r  
    N15                                               0.000    10.000 r  clk_100mhz (IN)
                         net (fo=0)                   0.000    10.000    clk_100mhz
    N15                  IBUF (Prop_ibuf_I_O)         1.370    11.370 r  clk_100mhz_IBUF_inst/O
                         net (fo=1, unplaced)         0.760    12.130    clk_100mhz_IBUF
                         BUFG (Prop_bufg_I_O)         0.091    12.221 r  clk_100mhz_IBUF_BUFG_inst/O
                         net (fo=1931, unplaced)      0.439    12.660    clk_100mhz_IBUF_BUFG
                         FDSE                                         r  min_ssd_sofar_reg[0]/C
                         clock pessimism              0.115    12.775    
                         clock uncertainty           -0.035    12.740    
                         FDSE (Setup_fdse_C_S)       -0.433    12.307    min_ssd_sofar_reg[0]
  -------------------------------------------------------------------
                         required time                         12.307    
                         arrival time                         -27.787    
  -------------------------------------------------------------------
                         slack                                -15.480    




