Copyright 1986-2022 Xilinx, Inc. All Rights Reserved. Copyright 2022-2023 Advanced Micro Devices, Inc. All Rights Reserved.
---------------------------------------------------------------------------------------------------------------------------------------------
| Tool Version : Vivado v.2023.1 (lin64) Build 3865809 Sun May  7 15:04:56 MDT 2023
| Date         : Tue Dec 12 17:20:26 2023
| Host         : worker running 64-bit Ubuntu 20.04.6 LTS
| Command      : report_timing_summary -file obj/post_place_timing_summary.rpt
| Design       : top_level
| Device       : 7s50-csga324
| Speed File   : -1  PRODUCTION 1.23 2018-06-13
| Design State : Fully Placed
---------------------------------------------------------------------------------------------------------------------------------------------

Timing Summary Report

------------------------------------------------------------------------------------------------
| Timer Settings
| --------------
------------------------------------------------------------------------------------------------

  Enable Multi Corner Analysis               :  Yes
  Enable Pessimism Removal                   :  Yes
  Pessimism Removal Resolution               :  Nearest Common Node
  Enable Input Delay Default Clock           :  No
  Enable Preset / Clear Arcs                 :  No
  Disable Flight Delays                      :  No
  Ignore I/O Paths                           :  No
  Timing Early Launch at Borrowing Latches   :  No
  Borrow Time for Max Delay Exceptions       :  Yes
  Merge Timing Exceptions                    :  Yes

  Corner  Analyze    Analyze    
  Name    Max Paths  Min Paths  
  ------  ---------  ---------  
  Slow    Yes        Yes        
  Fast    Yes        Yes        


------------------------------------------------------------------------------------------------
| Report Methodology
| ------------------
------------------------------------------------------------------------------------------------

No report available as report_methodology has not been run prior. Run report_methodology on the current design for the summary of methodology violations.



check_timing report

Table of Contents
-----------------
1. checking no_clock (0)
2. checking constant_clock (0)
3. checking pulse_width_clock (0)
4. checking unconstrained_internal_endpoints (0)
5. checking no_input_delay (6)
6. checking no_output_delay (1)
7. checking multiple_clock (0)
8. checking generated_clocks (0)
9. checking loops (0)
10. checking partial_input_delay (0)
11. checking partial_output_delay (0)
12. checking latch_loops (0)

1. checking no_clock (0)
------------------------
 There are 0 register/latch pins with no clock.


2. checking constant_clock (0)
------------------------------
 There are 0 register/latch pins with constant_clock.


3. checking pulse_width_clock (0)
---------------------------------
 There are 0 register/latch pins which need pulse_width check


4. checking unconstrained_internal_endpoints (0)
------------------------------------------------
 There are 0 pins that are not constrained for maximum delay.

 There are 0 pins that are not constrained for maximum delay due to constant clock.


5. checking no_input_delay (6)
------------------------------
 There are 6 input ports with no input delay specified. (HIGH)

 There are 0 input ports with no input delay but user has a false path constraint.


6. checking no_output_delay (1)
-------------------------------
 There is 1 port with no output delay specified. (HIGH)

 There are 0 ports with no output delay but user has a false path constraint

 There are 0 ports with no output delay but with a timing clock defined on it or propagating through it


7. checking multiple_clock (0)
------------------------------
 There are 0 register/latch pins with multiple clocks.


8. checking generated_clocks (0)
--------------------------------
 There are 0 generated clocks that are not connected to a clock source.


9. checking loops (0)
---------------------
 There are 0 combinational loops in the design.


10. checking partial_input_delay (0)
------------------------------------
 There are 0 input ports with partial input delay specified.


11. checking partial_output_delay (0)
-------------------------------------
 There are 0 ports with partial output delay specified.


12. checking latch_loops (0)
----------------------------
 There are 0 combinational latch loops in the design through latch input



------------------------------------------------------------------------------------------------
| Design Timing Summary
| ---------------------
------------------------------------------------------------------------------------------------

    WNS(ns)      TNS(ns)  TNS Failing Endpoints  TNS Total Endpoints      WHS(ns)      THS(ns)  THS Failing Endpoints  THS Total Endpoints     WPWS(ns)     TPWS(ns)  TPWS Failing Endpoints  TPWS Total Endpoints  
    -------      -------  ---------------------  -------------------      -------      -------  ---------------------  -------------------     --------     --------  ----------------------  --------------------  
      6.010        0.000                      0                  156        0.205        0.000                      0                  156        3.500        0.000                       0                    85  


All user specified timing constraints are met.


------------------------------------------------------------------------------------------------
| Clock Summary
| -------------
------------------------------------------------------------------------------------------------

Clock  Waveform(ns)       Period(ns)      Frequency(MHz)
-----  ------------       ----------      --------------
gclk   {0.000 4.000}      10.000          100.000         


------------------------------------------------------------------------------------------------
| Intra Clock Table
| -----------------
------------------------------------------------------------------------------------------------

Clock             WNS(ns)      TNS(ns)  TNS Failing Endpoints  TNS Total Endpoints      WHS(ns)      THS(ns)  THS Failing Endpoints  THS Total Endpoints     WPWS(ns)     TPWS(ns)  TPWS Failing Endpoints  TPWS Total Endpoints  
-----             -------      -------  ---------------------  -------------------      -------      -------  ---------------------  -------------------     --------     --------  ----------------------  --------------------  
gclk                6.010        0.000                      0                  156        0.205        0.000                      0                  156        3.500        0.000                       0                    85  


------------------------------------------------------------------------------------------------
| Inter Clock Table
| -----------------
------------------------------------------------------------------------------------------------

From Clock    To Clock          WNS(ns)      TNS(ns)  TNS Failing Endpoints  TNS Total Endpoints      WHS(ns)      THS(ns)  THS Failing Endpoints  THS Total Endpoints  
----------    --------          -------      -------  ---------------------  -------------------      -------      -------  ---------------------  -------------------  


------------------------------------------------------------------------------------------------
| Other Path Groups Table
| -----------------------
------------------------------------------------------------------------------------------------

Path Group    From Clock    To Clock          WNS(ns)      TNS(ns)  TNS Failing Endpoints  TNS Total Endpoints      WHS(ns)      THS(ns)  THS Failing Endpoints  THS Total Endpoints  
----------    ----------    --------          -------      -------  ---------------------  -------------------      -------      -------  ---------------------  -------------------  


------------------------------------------------------------------------------------------------
| Timing Details
| --------------
------------------------------------------------------------------------------------------------


---------------------------------------------------------------------------------------------------
From Clock:  gclk
  To Clock:  gclk

Setup :            0  Failing Endpoints,  Worst Slack        6.010ns,  Total Violation        0.000ns
Hold  :            0  Failing Endpoints,  Worst Slack        0.205ns,  Total Violation        0.000ns
PW    :            0  Failing Endpoints,  Worst Slack        3.500ns,  Total Violation        0.000ns
---------------------------------------------------------------------------------------------------


Max Delay Paths
--------------------------------------------------------------------------------------
Slack (MET) :             6.010ns  (required time - arrival time)
  Source:                 latch_counter_reg[1]/C
                            (rising edge-triggered cell FDRE clocked by gclk  {rise@0.000ns fall@4.000ns period=10.000ns})
  Destination:            latch_counter_reg[27]/D
                            (rising edge-triggered cell FDRE clocked by gclk  {rise@0.000ns fall@4.000ns period=10.000ns})
  Path Group:             gclk
  Path Type:              Setup (Max at Slow Process Corner)
  Requirement:            10.000ns  (gclk rise@10.000ns - gclk rise@0.000ns)
  Data Path Delay:        4.044ns  (logic 2.438ns (60.287%)  route 1.606ns (39.713%))
  Logic Levels:           8  (CARRY4=7 LUT3=1)
  Clock Path Skew:        -0.029ns (DCD - SCD + CPR)
    Destination Clock Delay (DCD):    4.767ns = ( 14.767 - 10.000 ) 
    Source Clock Delay      (SCD):    5.063ns
    Clock Pessimism Removal (CPR):    0.268ns
  Clock Uncertainty:      0.035ns  ((TSJ^2 + TIJ^2)^1/2 + DJ) / 2 + PE
    Total System Jitter     (TSJ):    0.071ns
    Total Input Jitter      (TIJ):    0.000ns
    Discrete Jitter          (DJ):    0.000ns
    Phase Error              (PE):    0.000ns

    Location             Delay type                Incr(ns)  Path(ns)    Netlist Resource(s)
  -------------------------------------------------------------------    -------------------
                         (clock gclk rise edge)       0.000     0.000 r  
    N15                                               0.000     0.000 r  clk_100mhz (IN)
                         net (fo=0)                   0.000     0.000    clk_100mhz
    N15                  IBUF (Prop_ibuf_I_O)         1.440     1.440 r  clk_100mhz_IBUF_inst/O
                         net (fo=1, estimated)        1.972     3.412    clk_100mhz_IBUF
    BUFGCTRL_X0Y0        BUFG (Prop_bufg_I_O)         0.096     3.508 r  clk_100mhz_IBUF_BUFG_inst/O
                         net (fo=84, estimated)       1.555     5.063    clk_100mhz_IBUF_BUFG
    SLICE_X52Y60         FDRE                                         r  latch_counter_reg[1]/C
  -------------------------------------------------------------------    -------------------
    SLICE_X52Y60         FDRE (Prop_fdre_C_Q)         0.478     5.541 r  latch_counter_reg[1]/Q
                         net (fo=3, estimated)        0.620     6.161    latch_counter[1]
    SLICE_X51Y59         CARRY4 (Prop_carry4_S[0]_CO[3])
                                                      0.827     6.988 r  latch_counter_reg[4]_i_2/CO[3]
                         net (fo=1, estimated)        0.000     6.988    latch_counter_reg[4]_i_2_n_0
    SLICE_X51Y60         CARRY4 (Prop_carry4_CI_CO[3])
                                                      0.114     7.102 r  latch_counter_reg[8]_i_2/CO[3]
                         net (fo=1, estimated)        0.000     7.102    latch_counter_reg[8]_i_2_n_0
    SLICE_X51Y61         CARRY4 (Prop_carry4_CI_CO[3])
                                                      0.114     7.216 r  latch_counter_reg[12]_i_2/CO[3]
                         net (fo=1, estimated)        0.000     7.216    latch_counter_reg[12]_i_2_n_0
    SLICE_X51Y62         CARRY4 (Prop_carry4_CI_CO[3])
                                                      0.114     7.330 r  latch_counter_reg[16]_i_2/CO[3]
                         net (fo=1, estimated)        0.000     7.330    latch_counter_reg[16]_i_2_n_0
    SLICE_X51Y63         CARRY4 (Prop_carry4_CI_CO[3])
                                                      0.114     7.444 r  latch_counter_reg[20]_i_2/CO[3]
                         net (fo=1, estimated)        0.000     7.444    latch_counter_reg[20]_i_2_n_0
    SLICE_X51Y64         CARRY4 (Prop_carry4_CI_CO[3])
                                                      0.114     7.558 r  latch_counter_reg[24]_i_2/CO[3]
                         net (fo=1, estimated)        0.000     7.558    latch_counter_reg[24]_i_2_n_0
    SLICE_X51Y65         CARRY4 (Prop_carry4_CI_O[2])
                                                      0.239     7.797 r  latch_counter_reg[27]_i_4/O[2]
                         net (fo=1, estimated)        0.986     8.783    latch_counter0[27]
    SLICE_X52Y65         LUT3 (Prop_lut3_I2_O)        0.324     9.107 r  latch_counter[27]_i_2/O
                         net (fo=1, routed)           0.000     9.107    p_1_in[27]
    SLICE_X52Y65         FDRE                                         r  latch_counter_reg[27]/D
  -------------------------------------------------------------------    -------------------

                         (clock gclk rise edge)      10.000    10.000 r  
    N15                                               0.000    10.000 r  clk_100mhz (IN)
                         net (fo=0)                   0.000    10.000    clk_100mhz
    N15                  IBUF (Prop_ibuf_I_O)         1.370    11.370 r  clk_100mhz_IBUF_inst/O
                         net (fo=1, estimated)        1.873    13.244    clk_100mhz_IBUF
    BUFGCTRL_X0Y0        BUFG (Prop_bufg_I_O)         0.091    13.335 r  clk_100mhz_IBUF_BUFG_inst/O
                         net (fo=84, estimated)       1.432    14.767    clk_100mhz_IBUF_BUFG
    SLICE_X52Y65         FDRE                                         r  latch_counter_reg[27]/C
                         clock pessimism              0.268    15.034    
                         clock uncertainty           -0.035    14.999    
    SLICE_X52Y65         FDRE (Setup_fdre_C_D)        0.118    15.117    latch_counter_reg[27]
  -------------------------------------------------------------------
                         required time                         15.117    
                         arrival time                          -9.107    
  -------------------------------------------------------------------
                         slack                                  6.010    





Min Delay Paths
--------------------------------------------------------------------------------------
Slack (MET) :             0.205ns  (arrival time - required time)
  Source:                 inst_cascade/uut_led/rgb_buffer_reg[15]/C
                            (rising edge-triggered cell FDRE clocked by gclk  {rise@0.000ns fall@4.000ns period=10.000ns})
  Destination:            inst_cascade/uut_led/rgb_buffer_reg[16]/D
                            (rising edge-triggered cell FDRE clocked by gclk  {rise@0.000ns fall@4.000ns period=10.000ns})
  Path Group:             gclk
  Path Type:              Hold (Min at Fast Process Corner)
  Requirement:            0.000ns  (gclk rise@0.000ns - gclk rise@0.000ns)
  Data Path Delay:        0.361ns  (logic 0.226ns (62.550%)  route 0.135ns (37.449%))
  Logic Levels:           1  (LUT2=1)
  Clock Path Skew:        0.035ns (DCD - SCD - CPR)
    Destination Clock Delay (DCD):    2.123ns
    Source Clock Delay      (SCD):    1.620ns
    Clock Pessimism Removal (CPR):    0.468ns

    Location             Delay type                Incr(ns)  Path(ns)    Netlist Resource(s)
  -------------------------------------------------------------------    -------------------
                         (clock gclk rise edge)       0.000     0.000 r  
    N15                                               0.000     0.000 r  clk_100mhz (IN)
                         net (fo=0)                   0.000     0.000    clk_100mhz
    N15                  IBUF (Prop_ibuf_I_O)         0.209     0.209 r  clk_100mhz_IBUF_inst/O
                         net (fo=1, estimated)        0.831     1.040    clk_100mhz_IBUF
    BUFGCTRL_X0Y0        BUFG (Prop_bufg_I_O)         0.026     1.066 r  clk_100mhz_IBUF_BUFG_inst/O
                         net (fo=84, estimated)       0.554     1.620    inst_cascade/uut_led/clk_100mhz_IBUF_BUFG
    SLICE_X55Y68         FDRE                                         r  inst_cascade/uut_led/rgb_buffer_reg[15]/C
  -------------------------------------------------------------------    -------------------
    SLICE_X55Y68         FDRE (Prop_fdre_C_Q)         0.128     1.748 r  inst_cascade/uut_led/rgb_buffer_reg[15]/Q
                         net (fo=1, estimated)        0.135     1.883    inst_cascade/uut_led/rgb_buffer_reg_n_0_[15]
    SLICE_X56Y68         LUT2 (Prop_lut2_I1_O)        0.098     1.981 r  inst_cascade/uut_led/rgb_buffer[16]_i_1/O
                         net (fo=1, routed)           0.000     1.981    inst_cascade/uut_led/rgb_buffer[16]
    SLICE_X56Y68         FDRE                                         r  inst_cascade/uut_led/rgb_buffer_reg[16]/D
  -------------------------------------------------------------------    -------------------

                         (clock gclk rise edge)       0.000     0.000 r  
    N15                                               0.000     0.000 r  clk_100mhz (IN)
                         net (fo=0)                   0.000     0.000    clk_100mhz
    N15                  IBUF (Prop_ibuf_I_O)         0.396     0.396 r  clk_100mhz_IBUF_inst/O
                         net (fo=1, estimated)        0.875     1.271    clk_100mhz_IBUF
    BUFGCTRL_X0Y0        BUFG (Prop_bufg_I_O)         0.029     1.300 r  clk_100mhz_IBUF_BUFG_inst/O
                         net (fo=84, estimated)       0.823     2.123    inst_cascade/uut_led/clk_100mhz_IBUF_BUFG
    SLICE_X56Y68         FDRE                                         r  inst_cascade/uut_led/rgb_buffer_reg[16]/C
                         clock pessimism             -0.468     1.655    
    SLICE_X56Y68         FDRE (Hold_fdre_C_D)         0.121     1.776    inst_cascade/uut_led/rgb_buffer_reg[16]
  -------------------------------------------------------------------
                         required time                         -1.776    
                         arrival time                           1.981    
  -------------------------------------------------------------------
                         slack                                  0.205    





Pulse Width Checks
--------------------------------------------------------------------------------------
Clock Name:         gclk
Waveform(ns):       { 0.000 4.000 }
Period(ns):         10.000
Sources:            { clk_100mhz }

Check Type        Corner  Lib Pin  Reference Pin  Required(ns)  Actual(ns)  Slack(ns)  Location       Pin
Min Period        n/a     BUFG/I   n/a            2.155         10.000      7.845      BUFGCTRL_X0Y0  clk_100mhz_IBUF_BUFG_inst/I
Low Pulse Width   Slow    FDRE/C   n/a            0.500         6.000       5.500      SLICE_X48Y66   current_position_reg[0]/C
High Pulse Width  Slow    FDRE/C   n/a            0.500         4.000       3.500      SLICE_X48Y66   current_position_reg[0]/C



